<?xml version="1.0" encoding="UTF-8"?>
<coverage generated="1770029076189" clover="3.2.0">
  <project timestamp="1770029076189" name="All files">
    <metrics statements="521" coveredstatements="521" conditionals="279" coveredconditionals="246" methods="107" coveredmethods="106" elements="907" coveredelements="873" complexity="0" loc="521" ncloc="521" packages="18" files="36" classes="36"/>
    <package name="src">
      <metrics statements="9" coveredstatements="9" conditionals="4" coveredconditionals="3" methods="3" coveredmethods="3"/>
      <file name="app.controller.ts" path="/Users/nicolaspoda/Desktop/RNCP/EventNow/backend/src/app.controller.ts">
        <metrics statements="6" coveredstatements="6" conditionals="4" coveredconditionals="3" methods="2" coveredmethods="2"/>
        <line num="1" count="1" type="stmt"/>
        <line num="2" count="1" type="stmt"/>
        <line num="5" count="1" type="stmt"/>
        <line num="9" count="3" type="stmt"/>
        <line num="13" count="1" type="stmt"/>
        <line num="14" count="2" type="stmt"/>
      </file>
      <file name="app.service.ts" path="/Users/nicolaspoda/Desktop/RNCP/EventNow/backend/src/app.service.ts">
        <metrics statements="3" coveredstatements="3" conditionals="0" coveredconditionals="0" methods="1" coveredmethods="1"/>
        <line num="1" count="1" type="stmt"/>
        <line num="4" count="1" type="stmt"/>
        <line num="6" count="1" type="stmt"/>
      </file>
    </package>
    <package name="src.auth">
      <metrics statements="90" coveredstatements="90" conditionals="57" coveredconditionals="49" methods="16" coveredmethods="15"/>
      <file name="auth.controller.ts" path="/Users/nicolaspoda/Desktop/RNCP/EventNow/backend/src/auth/auth.controller.ts">
        <metrics statements="37" coveredstatements="37" conditionals="27" coveredconditionals="22" methods="9" coveredmethods="8"/>
        <line num="1" count="1" type="stmt"/>
        <line num="13" count="1" type="stmt"/>
        <line num="14" count="1" type="stmt"/>
        <line num="16" count="1" type="stmt"/>
        <line num="17" count="1" type="stmt"/>
        <line num="18" count="1" type="stmt"/>
        <line num="19" count="1" type="stmt"/>
        <line num="20" count="1" type="stmt"/>
        <line num="21" count="1" type="stmt"/>
        <line num="24" count="1" type="stmt"/>
        <line num="29" count="11" type="stmt"/>
        <line num="30" count="11" type="stmt"/>
        <line num="36" count="1" type="cond" truecount="3" falsecount="1"/>
        <line num="37" count="3" type="stmt"/>
        <line num="43" count="1" type="cond" truecount="3" falsecount="1"/>
        <line num="44" count="1" type="stmt"/>
        <line num="49" count="1" type="stmt"/>
        <line num="50" count="1" type="stmt"/>
        <line num="55" count="1" type="stmt"/>
        <line num="56" count="1" type="stmt"/>
        <line num="57" count="1" type="stmt"/>
        <line num="62" count="1" type="stmt"/>
        <line num="63" count="1" type="stmt"/>
        <line num="68" count="1" type="stmt"/>
        <line num="72" count="1" type="stmt"/>
        <line num="73" count="2" type="stmt"/>
        <line num="74" count="2" type="stmt"/>
        <line num="80" count="2" type="stmt"/>
        <line num="81" count="2" type="stmt"/>
        <line num="82" count="2" type="stmt"/>
        <line num="88" count="2" type="cond" truecount="2" falsecount="0"/>
        <line num="89" count="2" type="stmt"/>
        <line num="95" count="1" type="cond" truecount="3" falsecount="1"/>
        <line num="96" count="4" type="stmt"/>
        <line num="97" count="4" type="cond" truecount="5" falsecount="0"/>
        <line num="98" count="3" type="stmt"/>
        <line num="100" count="1" type="stmt"/>
      </file>
      <file name="auth.service.ts" path="/Users/nicolaspoda/Desktop/RNCP/EventNow/backend/src/auth/auth.service.ts">
        <metrics statements="53" coveredstatements="53" conditionals="30" coveredconditionals="27" methods="7" coveredmethods="7"/>
        <line num="1" count="3" type="stmt"/>
        <line num="6" count="3" type="stmt"/>
        <line num="7" count="3" type="stmt"/>
        <line num="8" count="3" type="stmt"/>
        <line num="9" count="3" type="stmt"/>
        <line num="14" count="3" type="stmt"/>
        <line num="24" count="17" type="stmt"/>
        <line num="25" count="17" type="stmt"/>
        <line num="26" count="17" type="stmt"/>
        <line num="30" count="2" type="stmt"/>
        <line num="34" count="2" type="cond" truecount="2" falsecount="0"/>
        <line num="35" count="1" type="stmt"/>
        <line num="38" count="1" type="stmt"/>
        <line num="40" count="1" type="stmt"/>
        <line num="48" count="1" type="stmt"/>
        <line num="50" count="1" type="stmt"/>
        <line num="61" count="3" type="stmt"/>
        <line num="65" count="3" type="cond" truecount="2" falsecount="0"/>
        <line num="66" count="1" type="stmt"/>
        <line num="69" count="2" type="stmt"/>
        <line num="71" count="2" type="cond" truecount="2" falsecount="0"/>
        <line num="72" count="1" type="stmt"/>
        <line num="75" count="1" type="stmt"/>
        <line num="77" count="1" type="stmt"/>
        <line num="88" count="3" type="stmt"/>
        <line num="94" count="3" type="stmt"/>
        <line num="98" count="3" type="stmt"/>
        <line num="102" count="3" type="stmt"/>
        <line num="109" count="4" type="stmt"/>
        <line num="110" count="4" type="stmt"/>
        <line num="111" count="4" type="cond" truecount="2" falsecount="0"/>
        <line num="112" count="1" type="stmt"/>
        <line num="116" count="3" type="stmt"/>
        <line num="118" count="2" type="stmt"/>
        <line num="122" count="2" type="cond" truecount="2" falsecount="0"/>
        <line num="123" count="1" type="stmt"/>
        <line num="126" count="1" type="stmt"/>
        <line num="128" count="3" type="stmt"/>
        <line num="133" count="4" type="stmt"/>
        <line num="135" count="4" type="stmt"/>
        <line num="136" count="3" type="cond" truecount="2" falsecount="0"/>
        <line num="140" count="3" type="cond" truecount="2" falsecount="0"/>
        <line num="141" count="2" type="stmt"/>
        <line num="144" count="1" type="stmt"/>
        <line num="154" count="4" type="stmt"/>
        <line num="158" count="4" type="cond" truecount="2" falsecount="0"/>
        <line num="159" count="1" type="stmt"/>
        <line num="162" count="3" type="stmt"/>
        <line num="166" count="3" type="cond" truecount="2" falsecount="0"/>
        <line num="167" count="1" type="stmt"/>
        <line num="175" count="1" type="stmt"/>
        <line num="178" count="2" type="stmt"/>
        <line num="188" count="2" type="stmt"/>
      </file>
    </package>
    <package name="src.auth.decorators">
      <metrics statements="6" coveredstatements="6" conditionals="0" coveredconditionals="0" methods="2" coveredmethods="2"/>
      <file name="current-user.decorator.ts" path="/Users/nicolaspoda/Desktop/RNCP/EventNow/backend/src/auth/decorators/current-user.decorator.ts">
        <metrics statements="4" coveredstatements="4" conditionals="0" coveredconditionals="0" methods="1" coveredmethods="1"/>
        <line num="1" count="6" type="stmt"/>
        <line num="3" count="6" type="stmt"/>
        <line num="5" count="1" type="stmt"/>
        <line num="6" count="1" type="stmt"/>
      </file>
      <file name="roles.decorator.ts" path="/Users/nicolaspoda/Desktop/RNCP/EventNow/backend/src/auth/decorators/roles.decorator.ts">
        <metrics statements="2" coveredstatements="2" conditionals="0" coveredconditionals="0" methods="1" coveredmethods="1"/>
        <line num="1" count="4" type="stmt"/>
        <line num="4" count="15" type="stmt"/>
      </file>
    </package>
    <package name="src.auth.dto">
      <metrics statements="13" coveredstatements="13" conditionals="4" coveredconditionals="3" methods="0" coveredmethods="0"/>
      <file name="exchange-code.dto.ts" path="/Users/nicolaspoda/Desktop/RNCP/EventNow/backend/src/auth/dto/exchange-code.dto.ts">
        <metrics statements="3" coveredstatements="3" conditionals="0" coveredconditionals="0" methods="0" coveredmethods="0"/>
        <line num="1" count="1" type="stmt"/>
        <line num="3" count="1" type="stmt"/>
        <line num="6" count="1" type="stmt"/>
      </file>
      <file name="login.dto.ts" path="/Users/nicolaspoda/Desktop/RNCP/EventNow/backend/src/auth/dto/login.dto.ts">
        <metrics statements="4" coveredstatements="4" conditionals="0" coveredconditionals="0" methods="0" coveredmethods="0"/>
        <line num="1" count="1" type="stmt"/>
        <line num="3" count="1" type="stmt"/>
        <line num="6" count="1" type="stmt"/>
        <line num="10" count="1" type="stmt"/>
      </file>
      <file name="register.dto.ts" path="/Users/nicolaspoda/Desktop/RNCP/EventNow/backend/src/auth/dto/register.dto.ts">
        <metrics statements="6" coveredstatements="6" conditionals="4" coveredconditionals="3" methods="0" coveredmethods="0"/>
        <line num="1" count="2" type="stmt"/>
        <line num="8" count="2" type="stmt"/>
        <line num="10" count="2" type="stmt"/>
        <line num="13" count="2" type="stmt"/>
        <line num="18" count="2" type="stmt"/>
        <line num="22" count="2" type="cond" truecount="3" falsecount="1"/>
      </file>
    </package>
    <package name="src.auth.guards">
      <metrics statements="23" coveredstatements="23" conditionals="12" coveredconditionals="11" methods="4" coveredmethods="4"/>
      <file name="google-auth.guard.ts" path="/Users/nicolaspoda/Desktop/RNCP/EventNow/backend/src/auth/guards/google-auth.guard.ts">
        <metrics statements="11" coveredstatements="11" conditionals="6" coveredconditionals="6" methods="1" coveredmethods="1"/>
        <line num="1" count="2" type="stmt"/>
        <line num="7" count="2" type="stmt"/>
        <line num="10" count="2" type="stmt"/>
        <line num="12" count="7" type="stmt"/>
        <line num="13" count="7" type="stmt"/>
        <line num="14" count="7" type="cond" truecount="4" falsecount="0"/>
        <line num="15" count="3" type="stmt"/>
        <line num="19" count="4" type="stmt"/>
        <line num="20" count="4" type="stmt"/>
        <line num="23" count="4" type="cond" truecount="2" falsecount="0"/>
        <line num="24" count="4" type="stmt"/>
      </file>
      <file name="jwt-auth.guard.ts" path="/Users/nicolaspoda/Desktop/RNCP/EventNow/backend/src/auth/guards/jwt-auth.guard.ts">
        <metrics statements="3" coveredstatements="3" conditionals="0" coveredconditionals="0" methods="0" coveredmethods="0"/>
        <line num="1" count="5" type="stmt"/>
        <line num="2" count="5" type="stmt"/>
        <line num="5" count="5" type="stmt"/>
      </file>
      <file name="roles.guard.ts" path="/Users/nicolaspoda/Desktop/RNCP/EventNow/backend/src/auth/guards/roles.guard.ts">
        <metrics statements="9" coveredstatements="9" conditionals="6" coveredconditionals="5" methods="3" coveredmethods="3"/>
        <line num="1" count="5" type="stmt"/>
        <line num="2" count="5" type="stmt"/>
        <line num="6" count="5" type="stmt"/>
        <line num="10" count="24" type="stmt"/>
        <line num="14" count="7" type="stmt"/>
        <line num="19" count="7" type="cond" truecount="2" falsecount="0"/>
        <line num="20" count="2" type="stmt"/>
        <line num="23" count="5" type="stmt"/>
        <line num="24" count="6" type="stmt"/>
      </file>
    </package>
    <package name="src.auth.strategies">
      <metrics statements="28" coveredstatements="28" conditionals="18" coveredconditionals="16" methods="6" coveredmethods="6"/>
      <file name="google-options.ts" path="/Users/nicolaspoda/Desktop/RNCP/EventNow/backend/src/auth/strategies/google-options.ts">
        <metrics statements="2" coveredstatements="2" conditionals="6" coveredconditionals="6" methods="1" coveredmethods="1"/>
        <line num="1" count="2" type="stmt"/>
        <line num="6" count="10" type="stmt"/>
      </file>
      <file name="google.strategy.ts" path="/Users/nicolaspoda/Desktop/RNCP/EventNow/backend/src/auth/strategies/google.strategy.ts">
        <metrics statements="12" coveredstatements="12" conditionals="4" coveredconditionals="3" methods="2" coveredmethods="2"/>
        <line num="1" count="1" type="stmt"/>
        <line num="2" count="1" type="stmt"/>
        <line num="3" count="1" type="stmt"/>
        <line num="4" count="1" type="stmt"/>
        <line num="5" count="1" type="stmt"/>
        <line num="8" count="1" type="stmt"/>
        <line num="12" count="6" type="stmt"/>
        <line num="13" count="6" type="stmt"/>
        <line num="18" count="6" type="stmt"/>
        <line num="27" count="2" type="stmt"/>
        <line num="29" count="2" type="stmt"/>
        <line num="36" count="2" type="stmt"/>
      </file>
      <file name="jwt-options.ts" path="/Users/nicolaspoda/Desktop/RNCP/EventNow/backend/src/auth/strategies/jwt-options.ts">
        <metrics statements="2" coveredstatements="2" conditionals="2" coveredconditionals="2" methods="1" coveredmethods="1"/>
        <line num="1" count="2" type="stmt"/>
        <line num="2" count="5" type="cond" truecount="2" falsecount="0"/>
      </file>
      <file name="jwt.strategy.ts" path="/Users/nicolaspoda/Desktop/RNCP/EventNow/backend/src/auth/strategies/jwt.strategy.ts">
        <metrics statements="12" coveredstatements="12" conditionals="6" coveredconditionals="5" methods="2" coveredmethods="2"/>
        <line num="1" count="1" type="stmt"/>
        <line num="2" count="1" type="stmt"/>
        <line num="3" count="1" type="stmt"/>
        <line num="4" count="1" type="stmt"/>
        <line num="5" count="1" type="stmt"/>
        <line num="16" count="1" type="stmt"/>
        <line num="20" count="3" type="stmt"/>
        <line num="25" count="3" type="stmt"/>
        <line num="29" count="3" type="stmt"/>
        <line num="33" count="3" type="cond" truecount="2" falsecount="0"/>
        <line num="34" count="1" type="stmt"/>
        <line num="37" count="2" type="stmt"/>
      </file>
    </package>
    <package name="src.bookings">
      <metrics statements="63" coveredstatements="63" conditionals="36" coveredconditionals="32" methods="15" coveredmethods="15"/>
      <file name="bookings.controller.ts" path="/Users/nicolaspoda/Desktop/RNCP/EventNow/backend/src/bookings/bookings.controller.ts">
        <metrics statements="18" coveredstatements="18" conditionals="8" coveredconditionals="6" methods="5" coveredmethods="5"/>
        <line num="1" count="1" type="stmt"/>
        <line num="13" count="1" type="stmt"/>
        <line num="14" count="1" type="stmt"/>
        <line num="15" count="1" type="stmt"/>
        <line num="16" count="1" type="stmt"/>
        <line num="17" count="1" type="stmt"/>
        <line num="18" count="1" type="stmt"/>
        <line num="19" count="1" type="stmt"/>
        <line num="23" count="1" type="stmt"/>
        <line num="27" count="4" type="stmt"/>
        <line num="34" count="1" type="cond" truecount="3" falsecount="1"/>
        <line num="35" count="1" type="stmt"/>
        <line num="41" count="1" type="stmt"/>
        <line num="42" count="1" type="stmt"/>
        <line num="48" count="1" type="stmt"/>
        <line num="49" count="1" type="stmt"/>
        <line num="55" count="1" type="stmt"/>
        <line num="56" count="1" type="stmt"/>
      </file>
      <file name="bookings.service.ts" path="/Users/nicolaspoda/Desktop/RNCP/EventNow/backend/src/bookings/bookings.service.ts">
        <metrics statements="45" coveredstatements="45" conditionals="28" coveredconditionals="26" methods="10" coveredmethods="10"/>
        <line num="1" count="2" type="stmt"/>
        <line num="6" count="2" type="stmt"/>
        <line num="7" count="2" type="stmt"/>
        <line num="9" count="2" type="stmt"/>
        <line num="12" count="2" type="stmt"/>
        <line num="17" count="15" type="stmt"/>
        <line num="18" count="15" type="stmt"/>
        <line num="22" count="4" type="stmt"/>
        <line num="24" count="4" type="stmt"/>
        <line num="25" count="4" type="stmt"/>
        <line num="26" count="4" type="stmt"/>
        <line num="31" count="4" type="cond" truecount="2" falsecount="0"/>
        <line num="32" count="1" type="stmt"/>
        <line num="35" count="3" type="cond" truecount="2" falsecount="0"/>
        <line num="36" count="1" type="stmt"/>
        <line num="41" count="2" type="stmt"/>
        <line num="51" count="2" type="cond" truecount="2" falsecount="0"/>
        <line num="52" count="1" type="stmt"/>
        <line num="55" count="1" type="stmt"/>
        <line num="56" count="1" type="stmt"/>
        <line num="58" count="1" type="stmt"/>
        <line num="73" count="1" type="stmt"/>
        <line num="79" count="4" type="stmt"/>
        <line num="83" count="4" type="cond" truecount="4" falsecount="0"/>
        <line num="84" count="1" type="stmt"/>
        <line num="87" count="3" type="cond" truecount="2" falsecount="0"/>
        <line num="88" count="1" type="stmt"/>
        <line num="91" count="2" type="cond" truecount="2" falsecount="0"/>
        <line num="92" count="1" type="stmt"/>
        <line num="95" count="1" type="stmt"/>
        <line num="102" count="4" type="stmt"/>
        <line num="103" count="4" type="stmt"/>
        <line num="107" count="4" type="cond" truecount="4" falsecount="0"/>
        <line num="108" count="2" type="stmt"/>
        <line num="111" count="2" type="cond" truecount="2" falsecount="0"/>
        <line num="112" count="1" type="stmt"/>
        <line num="117" count="1" type="stmt"/>
        <line num="122" count="1" type="stmt"/>
        <line num="130" count="1" type="stmt"/>
        <line num="142" count="2" type="stmt"/>
        <line num="149" count="2" type="stmt"/>
        <line num="150" count="1" type="stmt"/>
        <line num="151" count="1" type="stmt"/>
        <line num="156" count="1" type="stmt"/>
        <line num="163" count="2" type="stmt"/>
      </file>
    </package>
    <package name="src.bookings.dto">
      <metrics statements="4" coveredstatements="4" conditionals="0" coveredconditionals="0" methods="0" coveredmethods="0"/>
      <file name="create-booking.dto.ts" path="/Users/nicolaspoda/Desktop/RNCP/EventNow/backend/src/bookings/dto/create-booking.dto.ts">
        <metrics statements="4" coveredstatements="4" conditionals="0" coveredconditionals="0" methods="0" coveredmethods="0"/>
        <line num="1" count="1" type="stmt"/>
        <line num="3" count="1" type="stmt"/>
        <line num="5" count="1" type="stmt"/>
        <line num="10" count="1" type="stmt"/>
      </file>
    </package>
    <package name="src.events">
      <metrics statements="73" coveredstatements="73" conditionals="62" coveredconditionals="55" methods="16" coveredmethods="16"/>
      <file name="events.controller.ts" path="/Users/nicolaspoda/Desktop/RNCP/EventNow/backend/src/events/events.controller.ts">
        <metrics statements="20" coveredstatements="20" conditionals="16" coveredconditionals="12" methods="6" coveredmethods="6"/>
        <line num="1" count="1" type="stmt"/>
        <line num="14" count="1" type="stmt"/>
        <line num="15" count="1" type="stmt"/>
        <line num="16" count="1" type="stmt"/>
        <line num="17" count="1" type="stmt"/>
        <line num="18" count="1" type="stmt"/>
        <line num="19" count="1" type="stmt"/>
        <line num="20" count="1" type="stmt"/>
        <line num="23" count="1" type="stmt"/>
        <line num="27" count="5" type="stmt"/>
        <line num="34" count="1" type="cond" truecount="3" falsecount="1"/>
        <line num="35" count="1" type="stmt"/>
        <line num="41" count="1" type="cond" truecount="3" falsecount="1"/>
        <line num="42" count="1" type="stmt"/>
        <line num="48" count="1" type="stmt"/>
        <line num="49" count="1" type="stmt"/>
        <line num="56" count="1" type="stmt"/>
        <line num="61" count="1" type="stmt"/>
        <line num="68" count="1" type="stmt"/>
        <line num="69" count="1" type="stmt"/>
      </file>
      <file name="events.service.ts" path="/Users/nicolaspoda/Desktop/RNCP/EventNow/backend/src/events/events.service.ts">
        <metrics statements="53" coveredstatements="53" conditionals="46" coveredconditionals="43" methods="10" coveredmethods="10"/>
        <line num="1" count="2" type="stmt"/>
        <line num="7" count="2" type="stmt"/>
        <line num="11" count="2" type="stmt"/>
        <line num="15" count="24" type="stmt"/>
        <line num="19" count="2" type="stmt"/>
        <line num="20" count="2" type="cond" truecount="2" falsecount="0"/>
        <line num="21" count="1" type="stmt"/>
        <line num="26" count="1" type="stmt"/>
        <line num="27" count="1" type="stmt"/>
        <line num="36" count="1" type="stmt"/>
        <line num="58" count="1" type="stmt"/>
        <line num="68" count="7" type="stmt"/>
        <line num="69" count="7" type="stmt"/>
        <line num="73" count="7" type="cond" truecount="2" falsecount="0"/>
        <line num="74" count="1" type="stmt"/>
        <line num="75" count="1" type="stmt"/>
        <line num="83" count="7" type="cond" truecount="2" falsecount="0"/>
        <line num="84" count="1" type="stmt"/>
        <line num="92" count="7" type="cond" truecount="2" falsecount="0"/>
        <line num="93" count="2" type="stmt"/>
        <line num="94" count="2" type="cond" truecount="2" falsecount="0"/>
        <line num="95" count="1" type="stmt"/>
        <line num="99" count="7" type="cond" truecount="2" falsecount="0"/>
        <line num="100" count="2" type="stmt"/>
        <line num="101" count="2" type="cond" truecount="2" falsecount="0"/>
        <line num="102" count="1" type="stmt"/>
        <line num="106" count="7" type="stmt"/>
        <line num="134" count="2" type="stmt"/>
        <line num="158" count="2" type="cond" truecount="2" falsecount="0"/>
        <line num="159" count="1" type="stmt"/>
        <line num="162" count="1" type="stmt"/>
        <line num="166" count="10" type="stmt"/>
        <line num="170" count="10" type="cond" truecount="2" falsecount="0"/>
        <line num="171" count="1" type="stmt"/>
        <line num="174" count="9" type="cond" truecount="2" falsecount="0"/>
        <line num="175" count="1" type="stmt"/>
        <line num="180" count="8" type="cond" truecount="2" falsecount="0"/>
        <line num="181" count="1" type="stmt"/>
        <line num="182" count="1" type="cond" truecount="1" falsecount="1"/>
        <line num="183" count="1" type="stmt"/>
        <line num="189" count="7" type="stmt"/>
        <line num="190" count="7" type="cond" truecount="2" falsecount="0"/>
        <line num="191" count="1" type="stmt"/>
        <line num="196" count="7" type="stmt"/>
        <line num="212" count="1" type="stmt"/>
        <line num="235" count="7" type="stmt"/>
        <line num="240" count="3" type="stmt"/>
        <line num="244" count="3" type="cond" truecount="2" falsecount="0"/>
        <line num="245" count="1" type="stmt"/>
        <line num="248" count="2" type="cond" truecount="2" falsecount="0"/>
        <line num="249" count="1" type="stmt"/>
        <line num="254" count="1" type="stmt"/>
        <line num="258" count="1" type="stmt"/>
      </file>
    </package>
    <package name="src.events.dto">
      <metrics statements="37" coveredstatements="37" conditionals="0" coveredconditionals="0" methods="4" coveredmethods="4"/>
      <file name="create-event.dto.ts" path="/Users/nicolaspoda/Desktop/RNCP/EventNow/backend/src/events/dto/create-event.dto.ts">
        <metrics statements="11" coveredstatements="11" conditionals="0" coveredconditionals="0" methods="1" coveredmethods="1"/>
        <line num="1" count="2" type="stmt"/>
        <line num="10" count="2" type="stmt"/>
        <line num="11" count="2" type="stmt"/>
        <line num="13" count="2" type="stmt"/>
        <line num="16" count="2" type="stmt"/>
        <line num="20" count="2" type="stmt"/>
        <line num="24" count="2" type="stmt"/>
        <line num="28" count="2" type="stmt"/>
        <line num="31" count="2" type="stmt"/>
        <line num="35" count="1" type="stmt"/>
        <line num="37" count="2" type="stmt"/>
      </file>
      <file name="create-ticket-category.dto.ts" path="/Users/nicolaspoda/Desktop/RNCP/EventNow/backend/src/events/dto/create-ticket-category.dto.ts">
        <metrics statements="9" coveredstatements="9" conditionals="0" coveredconditionals="0" methods="2" coveredmethods="2"/>
        <line num="1" count="4" type="stmt"/>
        <line num="8" count="4" type="stmt"/>
        <line num="10" count="4" type="stmt"/>
        <line num="13" count="4" type="stmt"/>
        <line num="17" count="4" type="stmt"/>
        <line num="20" count="3" type="stmt"/>
        <line num="22" count="4" type="stmt"/>
        <line num="25" count="3" type="stmt"/>
        <line num="27" count="4" type="stmt"/>
      </file>
      <file name="get-events-query.dto.ts" path="/Users/nicolaspoda/Desktop/RNCP/EventNow/backend/src/events/dto/get-events-query.dto.ts">
        <metrics statements="6" coveredstatements="6" conditionals="0" coveredconditionals="0" methods="0" coveredmethods="0"/>
        <line num="1" count="1" type="stmt"/>
        <line num="3" count="1" type="stmt"/>
        <line num="6" count="1" type="stmt"/>
        <line num="10" count="1" type="stmt"/>
        <line num="14" count="1" type="stmt"/>
        <line num="18" count="1" type="stmt"/>
      </file>
      <file name="update-event.dto.ts" path="/Users/nicolaspoda/Desktop/RNCP/EventNow/backend/src/events/dto/update-event.dto.ts">
        <metrics statements="11" coveredstatements="11" conditionals="0" coveredconditionals="0" methods="1" coveredmethods="1"/>
        <line num="1" count="2" type="stmt"/>
        <line num="8" count="2" type="stmt"/>
        <line num="9" count="2" type="stmt"/>
        <line num="11" count="2" type="stmt"/>
        <line num="14" count="2" type="stmt"/>
        <line num="18" count="2" type="stmt"/>
        <line num="22" count="2" type="stmt"/>
        <line num="26" count="2" type="stmt"/>
        <line num="30" count="2" type="stmt"/>
        <line num="34" count="1" type="stmt"/>
        <line num="36" count="2" type="stmt"/>
      </file>
    </package>
    <package name="src.orders">
      <metrics statements="67" coveredstatements="67" conditionals="40" coveredconditionals="35" methods="16" coveredmethods="16"/>
      <file name="orders.controller.ts" path="/Users/nicolaspoda/Desktop/RNCP/EventNow/backend/src/orders/orders.controller.ts">
        <metrics statements="20" coveredstatements="20" conditionals="12" coveredconditionals="9" methods="6" coveredmethods="6"/>
        <line num="1" count="1" type="stmt"/>
        <line num="12" count="1" type="stmt"/>
        <line num="13" count="1" type="stmt"/>
        <line num="14" count="1" type="stmt"/>
        <line num="15" count="1" type="stmt"/>
        <line num="16" count="1" type="stmt"/>
        <line num="17" count="1" type="stmt"/>
        <line num="18" count="1" type="stmt"/>
        <line num="22" count="1" type="stmt"/>
        <line num="26" count="5" type="stmt"/>
        <line num="33" count="1" type="cond" truecount="3" falsecount="1"/>
        <line num="34" count="1" type="stmt"/>
        <line num="41" count="1" type="cond" truecount="3" falsecount="1"/>
        <line num="42" count="1" type="stmt"/>
        <line num="52" count="1" type="stmt"/>
        <line num="53" count="1" type="stmt"/>
        <line num="59" count="1" type="stmt"/>
        <line num="60" count="1" type="stmt"/>
        <line num="67" count="1" type="stmt"/>
        <line num="68" count="1" type="stmt"/>
      </file>
      <file name="orders.service.ts" path="/Users/nicolaspoda/Desktop/RNCP/EventNow/backend/src/orders/orders.service.ts">
        <metrics statements="47" coveredstatements="47" conditionals="28" coveredconditionals="26" methods="10" coveredmethods="10"/>
        <line num="1" count="2" type="stmt"/>
        <line num="6" count="2" type="stmt"/>
        <line num="7" count="2" type="stmt"/>
        <line num="8" count="2" type="stmt"/>
        <line num="9" count="2" type="stmt"/>
        <line num="12" count="2" type="stmt"/>
        <line num="17" count="18" type="stmt"/>
        <line num="18" count="18" type="stmt"/>
        <line num="22" count="1" type="stmt"/>
        <line num="26" count="5" type="stmt"/>
        <line num="27" count="5" type="stmt"/>
        <line num="36" count="5" type="cond" truecount="4" falsecount="0"/>
        <line num="37" count="2" type="stmt"/>
        <line num="40" count="3" type="cond" truecount="2" falsecount="0"/>
        <line num="41" count="1" type="stmt"/>
        <line num="44" count="2" type="cond" truecount="2" falsecount="0"/>
        <line num="45" count="1" type="stmt"/>
        <line num="49" count="1" type="stmt"/>
        <line num="51" count="1" type="stmt"/>
        <line num="56" count="1" type="stmt"/>
        <line num="65" count="1" type="stmt"/>
        <line num="69" count="2" type="stmt"/>
        <line num="71" count="2" type="stmt"/>
        <line num="81" count="1" type="stmt"/>
        <line num="90" count="103" type="stmt"/>
        <line num="91" count="103" type="stmt"/>
        <line num="92" count="103" type="stmt"/>
        <line num="98" count="103" type="stmt"/>
        <line num="102" count="2" type="stmt"/>
        <line num="118" count="3" type="stmt"/>
        <line num="131" count="3" type="cond" truecount="4" falsecount="0"/>
        <line num="132" count="2" type="stmt"/>
        <line num="135" count="1" type="stmt"/>
        <line num="139" count="5" type="stmt"/>
        <line num="140" count="5" type="stmt"/>
        <line num="153" count="5" type="cond" truecount="4" falsecount="0"/>
        <line num="154" count="2" type="stmt"/>
        <line num="157" count="3" type="cond" truecount="2" falsecount="0"/>
        <line num="158" count="1" type="stmt"/>
        <line num="161" count="2" type="stmt"/>
        <line num="162" count="2" type="stmt"/>
        <line num="166" count="2" type="cond" truecount="2" falsecount="0"/>
        <line num="167" count="1" type="stmt"/>
        <line num="172" count="1" type="stmt"/>
        <line num="173" count="1" type="stmt"/>
        <line num="175" count="1" type="stmt"/>
        <line num="180" count="1" type="stmt"/>
      </file>
    </package>
    <package name="src.orders.dto">
      <metrics statements="6" coveredstatements="6" conditionals="0" coveredconditionals="0" methods="0" coveredmethods="0"/>
      <file name="create-order.dto.ts" path="/Users/nicolaspoda/Desktop/RNCP/EventNow/backend/src/orders/dto/create-order.dto.ts">
        <metrics statements="6" coveredstatements="6" conditionals="0" coveredconditionals="0" methods="0" coveredmethods="0"/>
        <line num="1" count="1" type="stmt"/>
        <line num="3" count="1" type="stmt"/>
        <line num="5" count="1" type="stmt"/>
        <line num="8" count="1" type="stmt"/>
        <line num="10" count="1" type="stmt"/>
        <line num="13" count="1" type="stmt"/>
      </file>
    </package>
    <package name="src.payment">
      <metrics statements="20" coveredstatements="20" conditionals="12" coveredconditionals="11" methods="5" coveredmethods="5"/>
      <file name="payment.service.ts" path="/Users/nicolaspoda/Desktop/RNCP/EventNow/backend/src/payment/payment.service.ts">
        <metrics statements="20" coveredstatements="20" conditionals="12" coveredconditionals="11" methods="5" coveredmethods="5"/>
        <line num="1" count="3" type="stmt"/>
        <line num="2" count="3" type="stmt"/>
        <line num="3" count="3" type="stmt"/>
        <line num="6" count="3" type="stmt"/>
        <line num="10" count="9" type="stmt"/>
        <line num="14" count="6" type="stmt"/>
        <line num="21" count="6" type="cond" truecount="4" falsecount="0"/>
        <line num="22" count="3" type="stmt"/>
        <line num="25" count="3" type="cond" truecount="2" falsecount="0"/>
        <line num="26" count="1" type="stmt"/>
        <line num="29" count="2" type="cond" truecount="2" falsecount="0"/>
        <line num="30" count="1" type="stmt"/>
        <line num="33" count="1" type="stmt"/>
        <line num="35" count="1" type="stmt"/>
        <line num="37" count="1" type="stmt"/>
        <line num="47" count="2" type="stmt"/>
        <line num="48" count="2" type="stmt"/>
        <line num="49" count="2" type="stmt"/>
        <line num="51" count="2" type="stmt"/>
        <line num="55" count="2" type="stmt"/>
      </file>
    </package>
    <package name="src.payment.dto">
      <metrics statements="4" coveredstatements="4" conditionals="0" coveredconditionals="0" methods="0" coveredmethods="0"/>
      <file name="payment-intent.dto.ts" path="/Users/nicolaspoda/Desktop/RNCP/EventNow/backend/src/payment/dto/payment-intent.dto.ts">
        <metrics statements="4" coveredstatements="4" conditionals="0" coveredconditionals="0" methods="0" coveredmethods="0"/>
        <line num="1" count="1" type="stmt"/>
        <line num="3" count="1" type="stmt"/>
        <line num="5" count="1" type="stmt"/>
        <line num="8" count="1" type="stmt"/>
      </file>
    </package>
    <package name="src.prisma">
      <metrics statements="5" coveredstatements="5" conditionals="0" coveredconditionals="0" methods="2" coveredmethods="2"/>
      <file name="prisma.service.ts" path="/Users/nicolaspoda/Desktop/RNCP/EventNow/backend/src/prisma/prisma.service.ts">
        <metrics statements="5" coveredstatements="5" conditionals="0" coveredconditionals="0" methods="2" coveredmethods="2"/>
        <line num="1" count="14" type="stmt"/>
        <line num="2" count="14" type="stmt"/>
        <line num="5" count="14" type="stmt"/>
        <line num="10" count="1" type="stmt"/>
        <line num="14" count="1" type="stmt"/>
      </file>
    </package>
    <package name="src.redis">
      <metrics statements="26" coveredstatements="26" conditionals="10" coveredconditionals="10" methods="9" coveredmethods="9"/>
      <file name="redis.service.ts" path="/Users/nicolaspoda/Desktop/RNCP/EventNow/backend/src/redis/redis.service.ts">
        <metrics statements="26" coveredstatements="26" conditionals="10" coveredconditionals="10" methods="9" coveredmethods="9"/>
        <line num="1" count="6" type="stmt"/>
        <line num="2" count="6" type="stmt"/>
        <line num="5" count="6" type="stmt"/>
        <line num="9" count="15" type="stmt"/>
        <line num="16" count="1" type="stmt"/>
        <line num="20" count="2" type="stmt"/>
        <line num="21" count="2" type="stmt"/>
        <line num="24" count="6" type="stmt"/>
        <line num="25" count="6" type="stmt"/>
        <line num="28" count="1" type="stmt"/>
        <line num="29" count="1" type="stmt"/>
        <line num="37" count="2" type="stmt"/>
        <line num="38" count="2" type="stmt"/>
        <line num="39" count="2" type="cond" truecount="2" falsecount="0"/>
        <line num="40" count="1" type="stmt"/>
        <line num="41" count="1" type="stmt"/>
        <line num="45" count="7" type="stmt"/>
        <line num="46" count="7" type="stmt"/>
        <line num="50" count="4" type="stmt"/>
        <line num="58" count="4" type="stmt"/>
        <line num="60" count="4" type="cond" truecount="2" falsecount="0"/>
        <line num="61" count="1" type="stmt"/>
        <line num="66" count="3" type="stmt"/>
        <line num="67" count="3" type="stmt"/>
        <line num="69" count="3" type="stmt"/>
        <line num="74" count="1" type="stmt"/>
      </file>
    </package>
    <package name="src.tickets">
      <metrics statements="44" coveredstatements="44" conditionals="24" coveredconditionals="21" methods="9" coveredmethods="9"/>
      <file name="qr-generator.service.ts" path="/Users/nicolaspoda/Desktop/RNCP/EventNow/backend/src/tickets/qr-generator.service.ts">
        <metrics statements="8" coveredstatements="8" conditionals="0" coveredconditionals="0" methods="1" coveredmethods="1"/>
        <line num="1" count="1" type="stmt"/>
        <line num="2" count="1" type="stmt"/>
        <line num="5" count="1" type="stmt"/>
        <line num="7" count="3" type="stmt"/>
        <line num="8" count="3" type="stmt"/>
        <line num="15" count="3" type="stmt"/>
        <line num="16" count="2" type="stmt"/>
        <line num="18" count="1" type="stmt"/>
      </file>
      <file name="tickets.controller.ts" path="/Users/nicolaspoda/Desktop/RNCP/EventNow/backend/src/tickets/tickets.controller.ts">
        <metrics statements="15" coveredstatements="15" conditionals="8" coveredconditionals="6" methods="4" coveredmethods="4"/>
        <line num="1" count="1" type="stmt"/>
        <line num="11" count="1" type="stmt"/>
        <line num="12" count="1" type="stmt"/>
        <line num="13" count="1" type="stmt"/>
        <line num="14" count="1" type="stmt"/>
        <line num="15" count="1" type="stmt"/>
        <line num="16" count="1" type="stmt"/>
        <line num="20" count="1" type="stmt"/>
        <line num="24" count="3" type="stmt"/>
        <line num="30" count="1" type="cond" truecount="3" falsecount="1"/>
        <line num="31" count="1" type="stmt"/>
        <line num="37" count="1" type="stmt"/>
        <line num="38" count="1" type="stmt"/>
        <line num="44" count="1" type="stmt"/>
        <line num="45" count="1" type="stmt"/>
      </file>
      <file name="tickets.service.ts" path="/Users/nicolaspoda/Desktop/RNCP/EventNow/backend/src/tickets/tickets.service.ts">
        <metrics statements="21" coveredstatements="21" conditionals="16" coveredconditionals="15" methods="4" coveredmethods="4"/>
        <line num="1" count="2" type="stmt"/>
        <line num="6" count="2" type="stmt"/>
        <line num="9" count="2" type="stmt"/>
        <line num="13" count="9" type="stmt"/>
        <line num="17" count="6" type="stmt"/>
        <line num="21" count="6" type="cond" truecount="4" falsecount="0"/>
        <line num="22" count="2" type="stmt"/>
        <line num="25" count="4" type="stmt"/>
        <line num="35" count="4" type="cond" truecount="2" falsecount="0"/>
        <line num="36" count="1" type="stmt"/>
        <line num="42" count="3" type="cond" truecount="2" falsecount="0"/>
        <line num="43" count="1" type="stmt"/>
        <line num="50" count="2" type="cond" truecount="2" falsecount="0"/>
        <line num="51" count="1" type="stmt"/>
        <line num="57" count="1" type="stmt"/>
        <line num="62" count="1" type="stmt"/>
        <line num="70" count="1" type="stmt"/>
        <line num="85" count="2" type="stmt"/>
        <line num="97" count="2" type="cond" truecount="2" falsecount="0"/>
        <line num="98" count="1" type="stmt"/>
        <line num="101" count="1" type="stmt"/>
      </file>
    </package>
    <package name="src.tickets.dto">
      <metrics statements="3" coveredstatements="3" conditionals="0" coveredconditionals="0" methods="0" coveredmethods="0"/>
      <file name="validate-ticket.dto.ts" path="/Users/nicolaspoda/Desktop/RNCP/EventNow/backend/src/tickets/dto/validate-ticket.dto.ts">
        <metrics statements="3" coveredstatements="3" conditionals="0" coveredconditionals="0" methods="0" coveredmethods="0"/>
        <line num="1" count="1" type="stmt"/>
        <line num="3" count="1" type="stmt"/>
        <line num="6" count="1" type="stmt"/>
      </file>
    </package>
  </project>
</coverage>
