{"/Users/nicolaspoda/Desktop/RNCP/EventNow/backend/src/app.controller.ts": {"path":"/Users/nicolaspoda/Desktop/RNCP/EventNow/backend/src/app.controller.ts","statementMap":{"0":{"start":{"line":1,"column":0},"end":{"line":1,"column":49}},"1":{"start":{"line":2,"column":0},"end":{"line":2,"column":43}},"2":{"start":{"line":5,"column":7},"end":{"line":16,"column":null}},"3":{"start":{"line":9,"column":4},"end":{"line":9,"column":33}},"4":{"start":{"line":14,"column":4},"end":{"line":14,"column":38}},"5":{"start":{"line":5,"column":13},"end":{"line":5,"column":26}},"6":{"start":{"line":13,"column":2},"end":{"line":15,"column":null}},"7":{"start":{"line":5,"column":13},"end":{"line":16,"column":null}}},"fnMap":{"0":{"name":"(anonymous_2)","decl":{"start":{"line":8,"column":2},"end":{"line":8,"column":14}},"loc":{"start":{"line":8,"column":36},"end":{"line":10,"column":3}}},"1":{"name":"(anonymous_3)","decl":{"start":{"line":13,"column":2},"end":{"line":13,"column":10}},"loc":{"start":{"line":13,"column":10},"end":{"line":15,"column":3}}}},"branchMap":{"0":{"loc":{"start":{"line":8,"column":26},"end":{"line":8,"column":null}},"type":"cond-expr","locations":[{"start":{"line":8,"column":36},"end":{"line":8,"column":null}},{"start":{"line":8,"column":36},"end":{"line":8,"column":null}}]},"1":{"loc":{"start":{"line":8,"column":26},"end":{"line":8,"column":36}},"type":"binary-expr","locations":[{"start":{"line":8,"column":26},"end":{"line":8,"column":null}},{"start":{"line":8,"column":26},"end":{"line":8,"column":36}}]}},"s":{"0":1,"1":1,"2":1,"3":3,"4":2,"5":1,"6":1,"7":1},"f":{"0":3,"1":2},"b":{"0":[1,0],"1":[1,1]}}
,"/Users/nicolaspoda/Desktop/RNCP/EventNow/backend/src/app.service.ts": {"path":"/Users/nicolaspoda/Desktop/RNCP/EventNow/backend/src/app.service.ts","statementMap":{"0":{"start":{"line":1,"column":0},"end":{"line":1,"column":44}},"1":{"start":{"line":4,"column":7},"end":{"line":8,"column":null}},"2":{"start":{"line":6,"column":4},"end":{"line":6,"column":26}},"3":{"start":{"line":4,"column":13},"end":{"line":4,"column":23}},"4":{"start":{"line":4,"column":13},"end":{"line":8,"column":null}}},"fnMap":{"0":{"name":"(anonymous_1)","decl":{"start":{"line":5,"column":2},"end":{"line":5,"column":10}},"loc":{"start":{"line":5,"column":10},"end":{"line":7,"column":3}}}},"branchMap":{},"s":{"0":1,"1":1,"2":1,"3":1,"4":1},"f":{"0":1},"b":{}}
,"/Users/nicolaspoda/Desktop/RNCP/EventNow/backend/src/auth/auth.controller.ts": {"path":"/Users/nicolaspoda/Desktop/RNCP/EventNow/backend/src/auth/auth.controller.ts","statementMap":{"0":{"start":{"line":1,"column":0},"end":{"line":1,"column":null}},"1":{"start":{"line":13,"column":0},"end":{"line":13,"column":36}},"2":{"start":{"line":14,"column":0},"end":{"line":14,"column":45}},"3":{"start":{"line":16,"column":0},"end":{"line":16,"column":45}},"4":{"start":{"line":17,"column":0},"end":{"line":17,"column":54}},"5":{"start":{"line":18,"column":0},"end":{"line":18,"column":63}},"6":{"start":{"line":19,"column":0},"end":{"line":19,"column":55}},"7":{"start":{"line":20,"column":0},"end":{"line":20,"column":61}},"8":{"start":{"line":21,"column":0},"end":{"line":21,"column":66}},"9":{"start":{"line":24,"column":7},"end":{"line":106,"column":null}},"10":{"start":{"line":29,"column":4},"end":{"line":29,"column":35}},"11":{"start":{"line":30,"column":4},"end":{"line":30,"column":23}},"12":{"start":{"line":37,"column":4},"end":{"line":37,"column":42}},"13":{"start":{"line":44,"column":4},"end":{"line":44,"column":39}},"14":{"start":{"line":50,"column":4},"end":{"line":50,"column":56}},"15":{"start":{"line":56,"column":4},"end":{"line":56,"column":48}},"16":{"start":{"line":57,"column":4},"end":{"line":57,"column":46}},"17":{"start":{"line":63,"column":4},"end":{"line":63,"column":16}},"18":{"start":{"line":73,"column":17},"end":{"line":73,"column":32}},"19":{"start":{"line":74,"column":19},"end":{"line":77,"column":null}},"20":{"start":{"line":80,"column":24},"end":{"line":80,"column":75}},"21":{"start":{"line":81,"column":17},"end":{"line":81,"column":29}},"22":{"start":{"line":82,"column":4},"end":{"line":86,"column":7}},"23":{"start":{"line":88,"column":24},"end":{"line":88,"column":75}},"24":{"start":{"line":89,"column":4},"end":{"line":89,"column":62}},"25":{"start":{"line":96,"column":17},"end":{"line":96,"column":65}},"26":{"start":{"line":97,"column":4},"end":{"line":99,"column":5}},"27":{"start":{"line":98,"column":6},"end":{"line":98,"column":65}},"28":{"start":{"line":100,"column":4},"end":{"line":104,"column":6}},"29":{"start":{"line":24,"column":13},"end":{"line":24,"column":27}},"30":{"start":{"line":36,"column":8},"end":{"line":38,"column":null}},"31":{"start":{"line":43,"column":8},"end":{"line":45,"column":null}},"32":{"start":{"line":49,"column":8},"end":{"line":51,"column":null}},"33":{"start":{"line":55,"column":8},"end":{"line":58,"column":null}},"34":{"start":{"line":62,"column":8},"end":{"line":64,"column":null}},"35":{"start":{"line":68,"column":8},"end":{"line":68,"column":null}},"36":{"start":{"line":72,"column":8},"end":{"line":90,"column":null}},"37":{"start":{"line":95,"column":8},"end":{"line":105,"column":null}},"38":{"start":{"line":24,"column":13},"end":{"line":106,"column":null}}},"fnMap":{"0":{"name":"(anonymous_4)","decl":{"start":{"line":28,"column":2},"end":{"line":28,"column":14}},"loc":{"start":{"line":28,"column":59},"end":{"line":31,"column":3}}},"1":{"name":"(anonymous_5)","decl":{"start":{"line":36,"column":8},"end":{"line":36,"column":16}},"loc":{"start":{"line":36,"column":41},"end":{"line":38,"column":3}}},"2":{"name":"(anonymous_6)","decl":{"start":{"line":43,"column":8},"end":{"line":43,"column":13}},"loc":{"start":{"line":43,"column":35},"end":{"line":45,"column":3}}},"3":{"name":"(anonymous_7)","decl":{"start":{"line":49,"column":8},"end":{"line":49,"column":15}},"loc":{"start":{"line":49,"column":58},"end":{"line":51,"column":3}}},"4":{"name":"(anonymous_8)","decl":{"start":{"line":55,"column":8},"end":{"line":55,"column":14}},"loc":{"start":{"line":55,"column":57},"end":{"line":58,"column":3}}},"5":{"name":"(anonymous_9)","decl":{"start":{"line":62,"column":8},"end":{"line":62,"column":18}},"loc":{"start":{"line":62,"column":43},"end":{"line":64,"column":3}}},"6":{"name":"(anonymous_10)","decl":{"start":{"line":68,"column":8},"end":{"line":68,"column":18}},"loc":{"start":{"line":68,"column":18},"end":{"line":68,"column":23}}},"7":{"name":"(anonymous_11)","decl":{"start":{"line":72,"column":8},"end":{"line":72,"column":26}},"loc":{"start":{"line":72,"column":68},"end":{"line":90,"column":3}}},"8":{"name":"(anonymous_12)","decl":{"start":{"line":95,"column":8},"end":{"line":95,"column":22}},"loc":{"start":{"line":95,"column":51},"end":{"line":105,"column":3}}}},"branchMap":{"0":{"loc":{"start":{"line":88,"column":24},"end":{"line":88,"column":75}},"type":"binary-expr","locations":[{"start":{"line":88,"column":24},"end":{"line":88,"column":48}},{"start":{"line":88,"column":52},"end":{"line":88,"column":75}}]},"1":{"loc":{"start":{"line":97,"column":4},"end":{"line":99,"column":5}},"type":"if","locations":[{"start":{"line":97,"column":4},"end":{"line":99,"column":5}},{"start":{},"end":{}}]},"2":{"loc":{"start":{"line":97,"column":8},"end":{"line":97,"column":69}},"type":"binary-expr","locations":[{"start":{"line":97,"column":8},"end":{"line":97,"column":13}},{"start":{"line":97,"column":17},"end":{"line":97,"column":41}},{"start":{"line":97,"column":45},"end":{"line":97,"column":69}}]},"3":{"loc":{"start":{"line":36,"column":30},"end":{"line":36,"column":null}},"type":"cond-expr","locations":[{"start":{"line":36,"column":41},"end":{"line":36,"column":null}},{"start":{"line":36,"column":41},"end":{"line":36,"column":null}}]},"4":{"loc":{"start":{"line":36,"column":30},"end":{"line":36,"column":41}},"type":"binary-expr","locations":[{"start":{"line":36,"column":30},"end":{"line":36,"column":null}},{"start":{"line":36,"column":30},"end":{"line":36,"column":41}}]},"5":{"loc":{"start":{"line":43,"column":27},"end":{"line":43,"column":null}},"type":"cond-expr","locations":[{"start":{"line":43,"column":35},"end":{"line":43,"column":null}},{"start":{"line":43,"column":35},"end":{"line":43,"column":null}}]},"6":{"loc":{"start":{"line":43,"column":27},"end":{"line":43,"column":35}},"type":"binary-expr","locations":[{"start":{"line":43,"column":27},"end":{"line":43,"column":null}},{"start":{"line":43,"column":27},"end":{"line":43,"column":35}}]},"7":{"loc":{"start":{"line":95,"column":36},"end":{"line":95,"column":null}},"type":"cond-expr","locations":[{"start":{"line":95,"column":51},"end":{"line":95,"column":null}},{"start":{"line":95,"column":51},"end":{"line":95,"column":null}}]},"8":{"loc":{"start":{"line":95,"column":36},"end":{"line":95,"column":51}},"type":"binary-expr","locations":[{"start":{"line":95,"column":36},"end":{"line":95,"column":null}},{"start":{"line":95,"column":36},"end":{"line":95,"column":51}}]},"9":{"loc":{"start":{"line":28,"column":27},"end":{"line":28,"column":40}},"type":"cond-expr","locations":[{"start":{"line":28,"column":38},"end":{"line":28,"column":40}},{"start":{"line":28,"column":38},"end":{"line":28,"column":40}}]},"10":{"loc":{"start":{"line":28,"column":27},"end":{"line":28,"column":38}},"type":"binary-expr","locations":[{"start":{"line":28,"column":27},"end":{"line":28,"column":40}},{"start":{"line":28,"column":27},"end":{"line":28,"column":38}}]},"11":{"loc":{"start":{"line":28,"column":38},"end":{"line":28,"column":null}},"type":"cond-expr","locations":[{"start":{"line":28,"column":59},"end":{"line":28,"column":null}},{"start":{"line":28,"column":59},"end":{"line":28,"column":null}}]},"12":{"loc":{"start":{"line":28,"column":38},"end":{"line":28,"column":59}},"type":"binary-expr","locations":[{"start":{"line":28,"column":38},"end":{"line":28,"column":null}},{"start":{"line":28,"column":47},"end":{"line":28,"column":59}}]}},"s":{"0":1,"1":1,"2":1,"3":1,"4":1,"5":1,"6":1,"7":1,"8":1,"9":1,"10":11,"11":11,"12":3,"13":1,"14":1,"15":1,"16":1,"17":1,"18":2,"19":2,"20":2,"21":2,"22":2,"23":2,"24":2,"25":4,"26":4,"27":3,"28":1,"29":1,"30":1,"31":1,"32":1,"33":1,"34":1,"35":1,"36":1,"37":1,"38":1},"f":{"0":11,"1":3,"2":1,"3":1,"4":1,"5":1,"6":0,"7":2,"8":4},"b":{"0":[2,1],"1":[3,1],"2":[4,3,2],"3":[1,0],"4":[1,1],"5":[1,0],"6":[1,1],"7":[1,0],"8":[1,1],"9":[1,0],"10":[1,1],"11":[1,0],"12":[1,1]}}
,"/Users/nicolaspoda/Desktop/RNCP/EventNow/backend/src/auth/auth.service.ts": {"path":"/Users/nicolaspoda/Desktop/RNCP/EventNow/backend/src/auth/auth.service.ts","statementMap":{"0":{"start":{"line":1,"column":0},"end":{"line":1,"column":null}},"1":{"start":{"line":6,"column":0},"end":{"line":6,"column":41}},"2":{"start":{"line":7,"column":0},"end":{"line":7,"column":33}},"3":{"start":{"line":8,"column":0},"end":{"line":8,"column":57}},"4":{"start":{"line":9,"column":0},"end":{"line":9,"column":54}},"5":{"start":{"line":14,"column":7},"end":{"line":190,"column":null}},"6":{"start":{"line":24,"column":4},"end":{"line":24,"column":25}},"7":{"start":{"line":25,"column":4},"end":{"line":25,"column":33}},"8":{"start":{"line":26,"column":4},"end":{"line":26,"column":23}},"9":{"start":{"line":30,"column":25},"end":{"line":32,"column":6}},"10":{"start":{"line":34,"column":4},"end":{"line":36,"column":5}},"11":{"start":{"line":35,"column":6},"end":{"line":35,"column":64}},"12":{"start":{"line":38,"column":25},"end":{"line":38,"column":60}},"13":{"start":{"line":40,"column":17},"end":{"line":46,"column":6}},"14":{"start":{"line":48,"column":19},"end":{"line":48,"column":76}},"15":{"start":{"line":50,"column":4},"end":{"line":57,"column":6}},"16":{"start":{"line":61,"column":17},"end":{"line":63,"column":6}},"17":{"start":{"line":65,"column":4},"end":{"line":67,"column":5}},"18":{"start":{"line":66,"column":6},"end":{"line":66,"column":73}},"19":{"start":{"line":69,"column":26},"end":{"line":69,"column":79}},"20":{"start":{"line":71,"column":4},"end":{"line":73,"column":5}},"21":{"start":{"line":72,"column":6},"end":{"line":72,"column":73}},"22":{"start":{"line":75,"column":19},"end":{"line":75,"column":76}},"23":{"start":{"line":77,"column":4},"end":{"line":84,"column":6}},"24":{"start":{"line":88,"column":32},"end":{"line":92,"column":6}},"25":{"start":{"line":94,"column":24},"end":{"line":96,"column":6}},"26":{"start":{"line":98,"column":25},"end":{"line":100,"column":6}},"27":{"start":{"line":102,"column":4},"end":{"line":105,"column":6}},"28":{"start":{"line":109,"column":4},"end":{"line":129,"column":5}},"29":{"start":{"line":110,"column":28},"end":{"line":110,"column":77}},"30":{"start":{"line":111,"column":6},"end":{"line":113,"column":7}},"31":{"start":{"line":112,"column":8},"end":{"line":112,"column":57}},"32":{"start":{"line":116,"column":8},"end":{"line":116,"column":67}},"33":{"start":{"line":118,"column":19},"end":{"line":120,"column":8}},"34":{"start":{"line":122,"column":6},"end":{"line":124,"column":7}},"35":{"start":{"line":123,"column":8},"end":{"line":123,"column":57}},"36":{"start":{"line":126,"column":6},"end":{"line":126,"column":65}},"37":{"start":{"line":128,"column":6},"end":{"line":128,"column":55}},"38":{"start":{"line":133,"column":4},"end":{"line":145,"column":5}},"39":{"start":{"line":135,"column":8},"end":{"line":135,"column":67}},"40":{"start":{"line":136,"column":18},"end":{"line":138,"column":16}},"41":{"start":{"line":140,"column":6},"end":{"line":142,"column":7}},"42":{"start":{"line":141,"column":8},"end":{"line":141,"column":59}},"43":{"start":{"line":144,"column":6},"end":{"line":144,"column":13}},"44":{"start":{"line":154,"column":15},"end":{"line":156,"column":6}},"45":{"start":{"line":158,"column":4},"end":{"line":160,"column":5}},"46":{"start":{"line":159,"column":6},"end":{"line":159,"column":18}},"47":{"start":{"line":162,"column":4},"end":{"line":164,"column":7}},"48":{"start":{"line":166,"column":4},"end":{"line":176,"column":5}},"49":{"start":{"line":167,"column":6},"end":{"line":174,"column":9}},"50":{"start":{"line":175,"column":6},"end":{"line":175,"column":18}},"51":{"start":{"line":178,"column":4},"end":{"line":186,"column":7}},"52":{"start":{"line":188,"column":4},"end":{"line":188,"column":16}},"53":{"start":{"line":14,"column":13},"end":{"line":14,"column":24}},"54":{"start":{"line":14,"column":13},"end":{"line":190,"column":null}}},"fnMap":{"0":{"name":"(anonymous_11)","decl":{"start":{"line":19,"column":2},"end":{"line":19,"column":null}},"loc":{"start":{"line":22,"column":23},"end":{"line":27,"column":3}}},"1":{"name":"(anonymous_12)","decl":{"start":{"line":29,"column":2},"end":{"line":29,"column":7}},"loc":{"start":{"line":29,"column":33},"end":{"line":58,"column":3}}},"2":{"name":"(anonymous_13)","decl":{"start":{"line":60,"column":2},"end":{"line":60,"column":7}},"loc":{"start":{"line":60,"column":27},"end":{"line":85,"column":3}}},"3":{"name":"(anonymous_14)","decl":{"start":{"line":87,"column":2},"end":{"line":87,"column":7}},"loc":{"start":{"line":87,"column":66},"end":{"line":106,"column":3}}},"4":{"name":"(anonymous_15)","decl":{"start":{"line":108,"column":2},"end":{"line":108,"column":7}},"loc":{"start":{"line":108,"column":42},"end":{"line":130,"column":3}}},"5":{"name":"(anonymous_16)","decl":{"start":{"line":132,"column":2},"end":{"line":132,"column":7}},"loc":{"start":{"line":132,"column":35},"end":{"line":146,"column":3}}},"6":{"name":"(anonymous_17)","decl":{"start":{"line":148,"column":2},"end":{"line":148,"column":7}},"loc":{"start":{"line":153,"column":3},"end":{"line":189,"column":3}}}},"branchMap":{"0":{"loc":{"start":{"line":34,"column":4},"end":{"line":36,"column":5}},"type":"if","locations":[{"start":{"line":34,"column":4},"end":{"line":36,"column":5}},{"start":{},"end":{}}]},"1":{"loc":{"start":{"line":65,"column":4},"end":{"line":67,"column":5}},"type":"if","locations":[{"start":{"line":65,"column":4},"end":{"line":67,"column":5}},{"start":{},"end":{}}]},"2":{"loc":{"start":{"line":71,"column":4},"end":{"line":73,"column":5}},"type":"if","locations":[{"start":{"line":71,"column":4},"end":{"line":73,"column":5}},{"start":{},"end":{}}]},"3":{"loc":{"start":{"line":111,"column":6},"end":{"line":113,"column":7}},"type":"if","locations":[{"start":{"line":111,"column":6},"end":{"line":113,"column":7}},{"start":{},"end":{}}]},"4":{"loc":{"start":{"line":122,"column":6},"end":{"line":124,"column":7}},"type":"if","locations":[{"start":{"line":122,"column":6},"end":{"line":124,"column":7}},{"start":{},"end":{}}]},"5":{"loc":{"start":{"line":136,"column":18},"end":{"line":138,"column":16}},"type":"cond-expr","locations":[{"start":{"line":137,"column":10},"end":{"line":137,"column":53}},{"start":{"line":138,"column":10},"end":{"line":138,"column":16}}]},"6":{"loc":{"start":{"line":140,"column":6},"end":{"line":142,"column":7}},"type":"if","locations":[{"start":{"line":140,"column":6},"end":{"line":142,"column":7}},{"start":{},"end":{}}]},"7":{"loc":{"start":{"line":158,"column":4},"end":{"line":160,"column":5}},"type":"if","locations":[{"start":{"line":158,"column":4},"end":{"line":160,"column":5}},{"start":{},"end":{}}]},"8":{"loc":{"start":{"line":166,"column":4},"end":{"line":176,"column":5}},"type":"if","locations":[{"start":{"line":166,"column":4},"end":{"line":176,"column":5}},{"start":{},"end":{}}]},"9":{"loc":{"start":{"line":20,"column":12},"end":{"line":20,"column":null}},"type":"cond-expr","locations":[{"start":{"line":20,"column":25},"end":{"line":20,"column":null}},{"start":{"line":20,"column":25},"end":{"line":20,"column":null}}]},"10":{"loc":{"start":{"line":20,"column":12},"end":{"line":20,"column":25}},"type":"binary-expr","locations":[{"start":{"line":20,"column":12},"end":{"line":20,"column":null}},{"start":{"line":20,"column":12},"end":{"line":20,"column":25}}]},"11":{"loc":{"start":{"line":20,"column":25},"end":{"line":21,"column":null}},"type":"cond-expr","locations":[{"start":{"line":21,"column":26},"end":{"line":21,"column":null}},{"start":{"line":21,"column":26},"end":{"line":21,"column":null}}]},"12":{"loc":{"start":{"line":20,"column":25},"end":{"line":21,"column":26}},"type":"binary-expr","locations":[{"start":{"line":20,"column":25},"end":{"line":21,"column":null}},{"start":{"line":21,"column":16},"end":{"line":21,"column":26}}]},"13":{"loc":{"start":{"line":21,"column":26},"end":{"line":22,"column":null}},"type":"cond-expr","locations":[{"start":{"line":22,"column":23},"end":{"line":22,"column":null}},{"start":{"line":22,"column":23},"end":{"line":22,"column":null}}]},"14":{"loc":{"start":{"line":21,"column":26},"end":{"line":22,"column":23}},"type":"binary-expr","locations":[{"start":{"line":21,"column":26},"end":{"line":22,"column":null}},{"start":{"line":22,"column":11},"end":{"line":22,"column":23}}]}},"s":{"0":3,"1":3,"2":3,"3":3,"4":3,"5":3,"6":17,"7":17,"8":17,"9":2,"10":2,"11":1,"12":1,"13":1,"14":1,"15":1,"16":3,"17":3,"18":1,"19":2,"20":2,"21":1,"22":1,"23":1,"24":3,"25":3,"26":3,"27":3,"28":4,"29":4,"30":4,"31":1,"32":3,"33":2,"34":2,"35":1,"36":1,"37":3,"38":4,"39":4,"40":3,"41":3,"42":2,"43":1,"44":4,"45":4,"46":1,"47":3,"48":3,"49":1,"50":1,"51":2,"52":2,"53":3,"54":3},"f":{"0":17,"1":2,"2":3,"3":3,"4":4,"5":4,"6":4},"b":{"0":[1,1],"1":[1,2],"2":[1,1],"3":[1,3],"4":[1,1],"5":[2,1],"6":[2,1],"7":[1,3],"8":[1,2],"9":[3,0],"10":[3,3],"11":[3,0],"12":[3,3],"13":[3,0],"14":[3,3]}}
,"/Users/nicolaspoda/Desktop/RNCP/EventNow/backend/src/auth/decorators/current-user.decorator.ts": {"path":"/Users/nicolaspoda/Desktop/RNCP/EventNow/backend/src/auth/decorators/current-user.decorator.ts","statementMap":{"0":{"start":{"line":1,"column":0},"end":{"line":1,"column":72}},"1":{"start":{"line":3,"column":13},"end":{"line":8,"column":2}},"2":{"start":{"line":5,"column":20},"end":{"line":5,"column":51}},"3":{"start":{"line":6,"column":4},"end":{"line":6,"column":24}}},"fnMap":{"0":{"name":"(anonymous_0)","decl":{"start":{"line":4,"column":2},"end":{"line":4,"column":3}},"loc":{"start":{"line":4,"column":43},"end":{"line":7,"column":3}}}},"branchMap":{},"s":{"0":6,"1":6,"2":1,"3":1},"f":{"0":1},"b":{}}
,"/Users/nicolaspoda/Desktop/RNCP/EventNow/backend/src/auth/decorators/roles.decorator.ts": {"path":"/Users/nicolaspoda/Desktop/RNCP/EventNow/backend/src/auth/decorators/roles.decorator.ts","statementMap":{"0":{"start":{"line":1,"column":0},"end":{"line":1,"column":45}},"1":{"start":{"line":4,"column":21},"end":{"line":4,"column":70}},"2":{"start":{"line":4,"column":43},"end":{"line":4,"column":70}},"3":{"start":{"line":4,"column":13},"end":{"line":4,"column":21}}},"fnMap":{"0":{"name":"(anonymous_0)","decl":{"start":{"line":4,"column":21},"end":{"line":4,"column":22}},"loc":{"start":{"line":4,"column":43},"end":{"line":4,"column":70}}}},"branchMap":{},"s":{"0":4,"1":4,"2":15,"3":4},"f":{"0":15},"b":{}}
,"/Users/nicolaspoda/Desktop/RNCP/EventNow/backend/src/auth/dto/exchange-code.dto.ts": {"path":"/Users/nicolaspoda/Desktop/RNCP/EventNow/backend/src/auth/dto/exchange-code.dto.ts","statementMap":{"0":{"start":{"line":1,"column":0},"end":{"line":1,"column":55}},"1":{"start":{"line":3,"column":0},"end":{"line":3,"column":13}},"2":{"start":{"line":6,"column":2},"end":{"line":6,"column":null}}},"fnMap":{},"branchMap":{},"s":{"0":1,"1":1,"2":1},"f":{},"b":{}}
,"/Users/nicolaspoda/Desktop/RNCP/EventNow/backend/src/auth/dto/login.dto.ts": {"path":"/Users/nicolaspoda/Desktop/RNCP/EventNow/backend/src/auth/dto/login.dto.ts","statementMap":{"0":{"start":{"line":1,"column":0},"end":{"line":1,"column":64}},"1":{"start":{"line":3,"column":0},"end":{"line":3,"column":13}},"2":{"start":{"line":6,"column":2},"end":{"line":6,"column":null}},"3":{"start":{"line":10,"column":2},"end":{"line":10,"column":null}}},"fnMap":{},"branchMap":{},"s":{"0":1,"1":1,"2":1,"3":1},"f":{},"b":{}}
,"/Users/nicolaspoda/Desktop/RNCP/EventNow/backend/src/auth/dto/register.dto.ts": {"path":"/Users/nicolaspoda/Desktop/RNCP/EventNow/backend/src/auth/dto/register.dto.ts","statementMap":{"0":{"start":{"line":1,"column":0},"end":{"line":1,"column":null}},"1":{"start":{"line":8,"column":0},"end":{"line":8,"column":38}},"2":{"start":{"line":10,"column":0},"end":{"line":10,"column":13}},"3":{"start":{"line":13,"column":2},"end":{"line":13,"column":null}},"4":{"start":{"line":18,"column":2},"end":{"line":18,"column":null}},"5":{"start":{"line":22,"column":2},"end":{"line":22,"column":null}}},"fnMap":{},"branchMap":{"0":{"loc":{"start":{"line":22,"column":8},"end":{"line":22,"column":13}},"type":"cond-expr","locations":[{"start":{"line":22,"column":12},"end":{"line":22,"column":13}},{"start":{"line":22,"column":12},"end":{"line":22,"column":13}}]},"1":{"loc":{"start":{"line":22,"column":8},"end":{"line":22,"column":12}},"type":"binary-expr","locations":[{"start":{"line":22,"column":8},"end":{"line":22,"column":13}},{"start":{"line":22,"column":8},"end":{"line":22,"column":12}}]}},"s":{"0":2,"1":2,"2":2,"3":2,"4":2,"5":2},"f":{},"b":{"0":[0,2],"1":[2,2]}}
,"/Users/nicolaspoda/Desktop/RNCP/EventNow/backend/src/auth/guards/google-auth.guard.ts": {"path":"/Users/nicolaspoda/Desktop/RNCP/EventNow/backend/src/auth/guards/google-auth.guard.ts","statementMap":{"0":{"start":{"line":1,"column":0},"end":{"line":1,"column":null}},"1":{"start":{"line":7,"column":0},"end":{"line":7,"column":45}},"2":{"start":{"line":10,"column":7},"end":{"line":29,"column":null}},"3":{"start":{"line":12,"column":21},"end":{"line":12,"column":49}},"4":{"start":{"line":13,"column":25},"end":{"line":13,"column":57}},"5":{"start":{"line":14,"column":4},"end":{"line":18,"column":5}},"6":{"start":{"line":15,"column":6},"end":{"line":17,"column":8}},"7":{"start":{"line":19,"column":4},"end":{"line":27,"column":5}},"8":{"start":{"line":20,"column":6},"end":{"line":20,"column":59}},"9":{"start":{"line":23,"column":8},"end":{"line":23,"column":77}},"10":{"start":{"line":24,"column":6},"end":{"line":26,"column":8}},"11":{"start":{"line":10,"column":13},"end":{"line":10,"column":28}},"12":{"start":{"line":10,"column":13},"end":{"line":29,"column":null}}},"fnMap":{"0":{"name":"(anonymous_1)","decl":{"start":{"line":11,"column":2},"end":{"line":11,"column":7}},"loc":{"start":{"line":11,"column":45},"end":{"line":28,"column":3}}}},"branchMap":{"0":{"loc":{"start":{"line":14,"column":4},"end":{"line":18,"column":5}},"type":"if","locations":[{"start":{"line":14,"column":4},"end":{"line":18,"column":5}},{"start":{},"end":{}}]},"1":{"loc":{"start":{"line":14,"column":8},"end":{"line":14,"column":34}},"type":"binary-expr","locations":[{"start":{"line":14,"column":8},"end":{"line":14,"column":17}},{"start":{"line":14,"column":21},"end":{"line":14,"column":34}}]},"2":{"loc":{"start":{"line":23,"column":8},"end":{"line":23,"column":77}},"type":"cond-expr","locations":[{"start":{"line":23,"column":31},"end":{"line":23,"column":42}},{"start":{"line":23,"column":45},"end":{"line":23,"column":77}}]}},"s":{"0":2,"1":2,"2":2,"3":7,"4":7,"5":7,"6":3,"7":4,"8":4,"9":4,"10":4,"11":2,"12":2},"f":{"0":7},"b":{"0":[3,4],"1":[7,5],"2":[2,2]}}
,"/Users/nicolaspoda/Desktop/RNCP/EventNow/backend/src/auth/guards/jwt-auth.guard.ts": {"path":"/Users/nicolaspoda/Desktop/RNCP/EventNow/backend/src/auth/guards/jwt-auth.guard.ts","statementMap":{"0":{"start":{"line":1,"column":0},"end":{"line":1,"column":44}},"1":{"start":{"line":2,"column":0},"end":{"line":2,"column":45}},"2":{"start":{"line":5,"column":7},"end":{"line":5,"column":null}},"3":{"start":{"line":5,"column":13},"end":{"line":5,"column":25}},"4":{"start":{"line":5,"column":13},"end":{"line":5,"column":null}}},"fnMap":{},"branchMap":{},"s":{"0":5,"1":5,"2":5,"3":5,"4":5},"f":{},"b":{}}
,"/Users/nicolaspoda/Desktop/RNCP/EventNow/backend/src/auth/guards/roles.guard.ts": {"path":"/Users/nicolaspoda/Desktop/RNCP/EventNow/backend/src/auth/guards/roles.guard.ts","statementMap":{"0":{"start":{"line":1,"column":0},"end":{"line":1,"column":75}},"1":{"start":{"line":2,"column":0},"end":{"line":2,"column":41}},"2":{"start":{"line":6,"column":7},"end":{"line":26,"column":null}},"3":{"start":{"line":10,"column":4},"end":{"line":10,"column":31}},"4":{"start":{"line":14,"column":26},"end":{"line":17,"column":6}},"5":{"start":{"line":19,"column":4},"end":{"line":21,"column":5}},"6":{"start":{"line":20,"column":6},"end":{"line":20,"column":18}},"7":{"start":{"line":23,"column":21},"end":{"line":23,"column":56}},"8":{"start":{"line":24,"column":4},"end":{"line":24,"column":60}},"9":{"start":{"line":24,"column":40},"end":{"line":24,"column":58}},"10":{"start":{"line":6,"column":13},"end":{"line":6,"column":23}},"11":{"start":{"line":6,"column":13},"end":{"line":26,"column":null}}},"fnMap":{"0":{"name":"(anonymous_2)","decl":{"start":{"line":9,"column":2},"end":{"line":9,"column":14}},"loc":{"start":{"line":9,"column":34},"end":{"line":11,"column":3}}},"1":{"name":"(anonymous_3)","decl":{"start":{"line":13,"column":2},"end":{"line":13,"column":13}},"loc":{"start":{"line":13,"column":39},"end":{"line":25,"column":3}}},"2":{"name":"(anonymous_4)","decl":{"start":{"line":24,"column":30},"end":{"line":24,"column":31}},"loc":{"start":{"line":24,"column":40},"end":{"line":24,"column":58}}}},"branchMap":{"0":{"loc":{"start":{"line":19,"column":4},"end":{"line":21,"column":5}},"type":"if","locations":[{"start":{"line":19,"column":4},"end":{"line":21,"column":5}},{"start":{},"end":{}}]},"1":{"loc":{"start":{"line":9,"column":25},"end":{"line":9,"column":null}},"type":"cond-expr","locations":[{"start":{"line":9,"column":34},"end":{"line":9,"column":null}},{"start":{"line":9,"column":34},"end":{"line":9,"column":null}}]},"2":{"loc":{"start":{"line":9,"column":25},"end":{"line":9,"column":34}},"type":"binary-expr","locations":[{"start":{"line":9,"column":25},"end":{"line":9,"column":null}},{"start":{"line":9,"column":25},"end":{"line":9,"column":34}}]}},"s":{"0":5,"1":5,"2":5,"3":24,"4":7,"5":7,"6":2,"7":5,"8":5,"9":6,"10":5,"11":5},"f":{"0":24,"1":7,"2":6},"b":{"0":[2,5],"1":[5,0],"2":[5,5]}}
,"/Users/nicolaspoda/Desktop/RNCP/EventNow/backend/src/auth/strategies/google-options.ts": {"path":"/Users/nicolaspoda/Desktop/RNCP/EventNow/backend/src/auth/strategies/google-options.ts","statementMap":{"0":{"start":{"line":1,"column":0},"end":{"line":1,"column":16}},"1":{"start":{"line":6,"column":2},"end":{"line":12,"column":4}}},"fnMap":{"0":{"name":"getGoogleStrategyOptions","decl":{"start":{"line":1,"column":16},"end":{"line":1,"column":40}},"loc":{"start":{"line":1,"column":40},"end":{"line":13,"column":1}}}},"branchMap":{"0":{"loc":{"start":{"line":7,"column":14},"end":{"line":7,"column":48}},"type":"binary-expr","locations":[{"start":{"line":7,"column":14},"end":{"line":7,"column":42}},{"start":{"line":7,"column":46},"end":{"line":7,"column":48}}]},"1":{"loc":{"start":{"line":8,"column":18},"end":{"line":8,"column":56}},"type":"binary-expr","locations":[{"start":{"line":8,"column":18},"end":{"line":8,"column":50}},{"start":{"line":8,"column":54},"end":{"line":8,"column":56}}]},"2":{"loc":{"start":{"line":10,"column":6},"end":{"line":11,"column":50}},"type":"binary-expr","locations":[{"start":{"line":10,"column":6},"end":{"line":10,"column":37}},{"start":{"line":11,"column":6},"end":{"line":11,"column":50}}]}},"s":{"0":2,"1":10},"f":{"0":10},"b":{"0":[10,1],"1":[10,1],"2":[10,7]}}
,"/Users/nicolaspoda/Desktop/RNCP/EventNow/backend/src/auth/strategies/google.strategy.ts": {"path":"/Users/nicolaspoda/Desktop/RNCP/EventNow/backend/src/auth/strategies/google.strategy.ts","statementMap":{"0":{"start":{"line":1,"column":0},"end":{"line":1,"column":44}},"1":{"start":{"line":2,"column":0},"end":{"line":2,"column":52}},"2":{"start":{"line":3,"column":0},"end":{"line":3,"column":67}},"3":{"start":{"line":4,"column":0},"end":{"line":4,"column":46}},"4":{"start":{"line":5,"column":0},"end":{"line":5,"column":60}},"5":{"start":{"line":8,"column":7},"end":{"line":38,"column":null}},"6":{"start":{"line":12,"column":20},"end":{"line":12,"column":46}},"7":{"start":{"line":13,"column":4},"end":{"line":17,"column":7}},"8":{"start":{"line":18,"column":4},"end":{"line":18,"column":35}},"9":{"start":{"line":27,"column":33},"end":{"line":27,"column":40}},"10":{"start":{"line":29,"column":17},"end":{"line":34,"column":6}},"11":{"start":{"line":36,"column":4},"end":{"line":36,"column":21}},"12":{"start":{"line":8,"column":13},"end":{"line":8,"column":27}},"13":{"start":{"line":8,"column":13},"end":{"line":38,"column":null}}},"fnMap":{"0":{"name":"(anonymous_2)","decl":{"start":{"line":11,"column":2},"end":{"line":11,"column":14}},"loc":{"start":{"line":11,"column":38},"end":{"line":19,"column":3}}},"1":{"name":"(anonymous_3)","decl":{"start":{"line":21,"column":2},"end":{"line":21,"column":7}},"loc":{"start":{"line":25,"column":24},"end":{"line":37,"column":3}}}},"branchMap":{"0":{"loc":{"start":{"line":11,"column":27},"end":{"line":11,"column":null}},"type":"cond-expr","locations":[{"start":{"line":11,"column":38},"end":{"line":11,"column":null}},{"start":{"line":11,"column":38},"end":{"line":11,"column":null}}]},"1":{"loc":{"start":{"line":11,"column":27},"end":{"line":11,"column":38}},"type":"binary-expr","locations":[{"start":{"line":11,"column":27},"end":{"line":11,"column":null}},{"start":{"line":11,"column":27},"end":{"line":11,"column":38}}]}},"s":{"0":1,"1":1,"2":1,"3":1,"4":1,"5":1,"6":6,"7":6,"8":6,"9":2,"10":2,"11":2,"12":1,"13":1},"f":{"0":6,"1":2},"b":{"0":[1,0],"1":[1,1]}}
,"/Users/nicolaspoda/Desktop/RNCP/EventNow/backend/src/auth/strategies/jwt-options.ts": {"path":"/Users/nicolaspoda/Desktop/RNCP/EventNow/backend/src/auth/strategies/jwt-options.ts","statementMap":{"0":{"start":{"line":1,"column":0},"end":{"line":1,"column":16}},"1":{"start":{"line":2,"column":2},"end":{"line":2,"column":53}}},"fnMap":{"0":{"name":"getJwtSecret","decl":{"start":{"line":1,"column":16},"end":{"line":1,"column":28}},"loc":{"start":{"line":1,"column":28},"end":{"line":3,"column":1}}}},"branchMap":{"0":{"loc":{"start":{"line":2,"column":9},"end":{"line":2,"column":52}},"type":"binary-expr","locations":[{"start":{"line":2,"column":9},"end":{"line":2,"column":31}},{"start":{"line":2,"column":35},"end":{"line":2,"column":52}}]}},"s":{"0":2,"1":5},"f":{"0":5},"b":{"0":[5,1]}}
,"/Users/nicolaspoda/Desktop/RNCP/EventNow/backend/src/auth/strategies/jwt.strategy.ts": {"path":"/Users/nicolaspoda/Desktop/RNCP/EventNow/backend/src/auth/strategies/jwt.strategy.ts","statementMap":{"0":{"start":{"line":1,"column":0},"end":{"line":1,"column":67}},"1":{"start":{"line":2,"column":0},"end":{"line":2,"column":52}},"2":{"start":{"line":3,"column":0},"end":{"line":3,"column":52}},"3":{"start":{"line":4,"column":0},"end":{"line":4,"column":60}},"4":{"start":{"line":5,"column":0},"end":{"line":5,"column":45}},"5":{"start":{"line":16,"column":7},"end":{"line":43,"column":null}},"6":{"start":{"line":20,"column":4},"end":{"line":24,"column":7}},"7":{"start":{"line":25,"column":4},"end":{"line":25,"column":25}},"8":{"start":{"line":29,"column":17},"end":{"line":31,"column":6}},"9":{"start":{"line":33,"column":4},"end":{"line":35,"column":5}},"10":{"start":{"line":34,"column":6},"end":{"line":34,"column":40}},"11":{"start":{"line":37,"column":4},"end":{"line":41,"column":6}},"12":{"start":{"line":16,"column":13},"end":{"line":16,"column":24}},"13":{"start":{"line":16,"column":13},"end":{"line":43,"column":null}}},"fnMap":{"0":{"name":"(anonymous_2)","decl":{"start":{"line":19,"column":2},"end":{"line":19,"column":14}},"loc":{"start":{"line":19,"column":35},"end":{"line":26,"column":3}}},"1":{"name":"(anonymous_3)","decl":{"start":{"line":28,"column":2},"end":{"line":28,"column":7}},"loc":{"start":{"line":28,"column":36},"end":{"line":42,"column":3}}}},"branchMap":{"0":{"loc":{"start":{"line":33,"column":4},"end":{"line":35,"column":5}},"type":"if","locations":[{"start":{"line":33,"column":4},"end":{"line":35,"column":5}},{"start":{},"end":{}}]},"1":{"loc":{"start":{"line":19,"column":22},"end":{"line":19,"column":null}},"type":"cond-expr","locations":[{"start":{"line":19,"column":35},"end":{"line":19,"column":null}},{"start":{"line":19,"column":35},"end":{"line":19,"column":null}}]},"2":{"loc":{"start":{"line":19,"column":22},"end":{"line":19,"column":35}},"type":"binary-expr","locations":[{"start":{"line":19,"column":22},"end":{"line":19,"column":null}},{"start":{"line":19,"column":22},"end":{"line":19,"column":35}}]}},"s":{"0":1,"1":1,"2":1,"3":1,"4":1,"5":1,"6":3,"7":3,"8":3,"9":3,"10":1,"11":2,"12":1,"13":1},"f":{"0":3,"1":3},"b":{"0":[1,2],"1":[1,0],"2":[1,1]}}
,"/Users/nicolaspoda/Desktop/RNCP/EventNow/backend/src/bookings/bookings.controller.ts": {"path":"/Users/nicolaspoda/Desktop/RNCP/EventNow/backend/src/bookings/bookings.controller.ts","statementMap":{"0":{"start":{"line":1,"column":0},"end":{"line":1,"column":null}},"1":{"start":{"line":13,"column":0},"end":{"line":13,"column":45}},"2":{"start":{"line":14,"column":0},"end":{"line":14,"column":53}},"3":{"start":{"line":15,"column":0},"end":{"line":15,"column":41}},"4":{"start":{"line":16,"column":0},"end":{"line":16,"column":61}},"5":{"start":{"line":17,"column":0},"end":{"line":17,"column":56}},"6":{"start":{"line":18,"column":0},"end":{"line":18,"column":59}},"7":{"start":{"line":19,"column":0},"end":{"line":19,"column":72}},"8":{"start":{"line":23,"column":7},"end":{"line":58,"column":null}},"9":{"start":{"line":27,"column":4},"end":{"line":27,"column":43}},"10":{"start":{"line":35,"column":4},"end":{"line":35,"column":60}},"11":{"start":{"line":42,"column":4},"end":{"line":42,"column":57}},"12":{"start":{"line":49,"column":4},"end":{"line":49,"column":60}},"13":{"start":{"line":56,"column":4},"end":{"line":56,"column":59}},"14":{"start":{"line":23,"column":13},"end":{"line":23,"column":31}},"15":{"start":{"line":34,"column":2},"end":{"line":36,"column":null}},"16":{"start":{"line":41,"column":2},"end":{"line":43,"column":null}},"17":{"start":{"line":48,"column":2},"end":{"line":50,"column":null}},"18":{"start":{"line":55,"column":2},"end":{"line":57,"column":null}},"19":{"start":{"line":23,"column":13},"end":{"line":58,"column":null}}},"fnMap":{"0":{"name":"(anonymous_4)","decl":{"start":{"line":26,"column":2},"end":{"line":26,"column":14}},"loc":{"start":{"line":26,"column":46},"end":{"line":28,"column":3}}},"1":{"name":"(anonymous_5)","decl":{"start":{"line":34,"column":2},"end":{"line":34,"column":8}},"loc":{"start":{"line":34,"column":64},"end":{"line":36,"column":3}}},"2":{"name":"(anonymous_6)","decl":{"start":{"line":41,"column":2},"end":{"line":41,"column":17}},"loc":{"start":{"line":41,"column":42},"end":{"line":43,"column":3}}},"3":{"name":"(anonymous_7)","decl":{"start":{"line":48,"column":2},"end":{"line":48,"column":9}},"loc":{"start":{"line":48,"column":59},"end":{"line":50,"column":3}}},"4":{"name":"(anonymous_8)","decl":{"start":{"line":55,"column":2},"end":{"line":55,"column":8}},"loc":{"start":{"line":55,"column":58},"end":{"line":57,"column":3}}}},"branchMap":{"0":{"loc":{"start":{"line":34,"column":48},"end":{"line":34,"column":null}},"type":"cond-expr","locations":[{"start":{"line":34,"column":64},"end":{"line":34,"column":null}},{"start":{"line":34,"column":64},"end":{"line":34,"column":null}}]},"1":{"loc":{"start":{"line":34,"column":48},"end":{"line":34,"column":64}},"type":"binary-expr","locations":[{"start":{"line":34,"column":48},"end":{"line":34,"column":null}},{"start":{"line":34,"column":48},"end":{"line":34,"column":64}}]},"2":{"loc":{"start":{"line":26,"column":31},"end":{"line":26,"column":null}},"type":"cond-expr","locations":[{"start":{"line":26,"column":46},"end":{"line":26,"column":null}},{"start":{"line":26,"column":46},"end":{"line":26,"column":null}}]},"3":{"loc":{"start":{"line":26,"column":31},"end":{"line":26,"column":46}},"type":"binary-expr","locations":[{"start":{"line":26,"column":31},"end":{"line":26,"column":null}},{"start":{"line":26,"column":31},"end":{"line":26,"column":46}}]}},"s":{"0":1,"1":1,"2":1,"3":1,"4":1,"5":1,"6":1,"7":1,"8":1,"9":4,"10":1,"11":1,"12":1,"13":1,"14":1,"15":1,"16":1,"17":1,"18":1,"19":1},"f":{"0":4,"1":1,"2":1,"3":1,"4":1},"b":{"0":[1,0],"1":[1,1],"2":[1,0],"3":[1,1]}}
,"/Users/nicolaspoda/Desktop/RNCP/EventNow/backend/src/bookings/bookings.service.ts": {"path":"/Users/nicolaspoda/Desktop/RNCP/EventNow/backend/src/bookings/bookings.service.ts","statementMap":{"0":{"start":{"line":1,"column":0},"end":{"line":1,"column":null}},"1":{"start":{"line":6,"column":0},"end":{"line":6,"column":57}},"2":{"start":{"line":7,"column":0},"end":{"line":7,"column":54}},"3":{"start":{"line":9,"column":0},"end":{"line":9,"column":47}},"4":{"start":{"line":12,"column":7},"end":{"line":165,"column":null}},"5":{"start":{"line":17,"column":4},"end":{"line":17,"column":25}},"6":{"start":{"line":18,"column":4},"end":{"line":18,"column":23}},"7":{"start":{"line":22,"column":20},"end":{"line":22,"column":62}},"8":{"start":{"line":24,"column":4},"end":{"line":75,"column":7}},"9":{"start":{"line":25,"column":6},"end":{"line":74,"column":9}},"10":{"start":{"line":26,"column":25},"end":{"line":29,"column":10}},"11":{"start":{"line":31,"column":8},"end":{"line":33,"column":9}},"12":{"start":{"line":32,"column":10},"end":{"line":32,"column":73}},"13":{"start":{"line":35,"column":8},"end":{"line":39,"column":9}},"14":{"start":{"line":36,"column":10},"end":{"line":38,"column":12}},"15":{"start":{"line":41,"column":32},"end":{"line":49,"column":10}},"16":{"start":{"line":51,"column":8},"end":{"line":53,"column":9}},"17":{"start":{"line":52,"column":10},"end":{"line":52,"column":79}},"18":{"start":{"line":55,"column":26},"end":{"line":55,"column":36}},"19":{"start":{"line":56,"column":8},"end":{"line":56,"column":58}},"20":{"start":{"line":58,"column":24},"end":{"line":71,"column":10}},"21":{"start":{"line":73,"column":8},"end":{"line":73,"column":23}},"22":{"start":{"line":79,"column":20},"end":{"line":81,"column":6}},"23":{"start":{"line":83,"column":4},"end":{"line":85,"column":5}},"24":{"start":{"line":84,"column":6},"end":{"line":84,"column":61}},"25":{"start":{"line":87,"column":4},"end":{"line":89,"column":5}},"26":{"start":{"line":88,"column":6},"end":{"line":88,"column":64}},"27":{"start":{"line":91,"column":4},"end":{"line":93,"column":5}},"28":{"start":{"line":92,"column":6},"end":{"line":92,"column":59}},"29":{"start":{"line":95,"column":4},"end":{"line":98,"column":7}},"30":{"start":{"line":102,"column":4},"end":{"line":126,"column":7}},"31":{"start":{"line":103,"column":22},"end":{"line":105,"column":8}},"32":{"start":{"line":107,"column":6},"end":{"line":109,"column":7}},"33":{"start":{"line":108,"column":8},"end":{"line":108,"column":63}},"34":{"start":{"line":111,"column":6},"end":{"line":115,"column":7}},"35":{"start":{"line":112,"column":8},"end":{"line":114,"column":10}},"36":{"start":{"line":117,"column":6},"end":{"line":120,"column":9}},"37":{"start":{"line":122,"column":6},"end":{"line":125,"column":9}},"38":{"start":{"line":130,"column":4},"end":{"line":138,"column":7}},"39":{"start":{"line":142,"column":28},"end":{"line":147,"column":6}},"40":{"start":{"line":149,"column":4},"end":{"line":161,"column":5}},"41":{"start":{"line":150,"column":6},"end":{"line":160,"column":9}},"42":{"start":{"line":151,"column":8},"end":{"line":154,"column":11}},"43":{"start":{"line":156,"column":8},"end":{"line":159,"column":11}},"44":{"start":{"line":163,"column":4},"end":{"line":163,"column":47}},"45":{"start":{"line":12,"column":13},"end":{"line":12,"column":28}},"46":{"start":{"line":12,"column":13},"end":{"line":165,"column":null}}},"fnMap":{"0":{"name":"(anonymous_2)","decl":{"start":{"line":16,"column":2},"end":{"line":16,"column":14}},"loc":{"start":{"line":16,"column":56},"end":{"line":19,"column":3}}},"1":{"name":"(anonymous_3)","decl":{"start":{"line":21,"column":2},"end":{"line":21,"column":7}},"loc":{"start":{"line":21,"column":59},"end":{"line":76,"column":3}}},"2":{"name":"(anonymous_4)","decl":{"start":{"line":24,"column":40},"end":{"line":24,"column":45}},"loc":{"start":{"line":24,"column":51},"end":{"line":75,"column":5}}},"3":{"name":"(anonymous_5)","decl":{"start":{"line":25,"column":38},"end":{"line":25,"column":43}},"loc":{"start":{"line":25,"column":51},"end":{"line":74,"column":7}}},"4":{"name":"(anonymous_6)","decl":{"start":{"line":78,"column":2},"end":{"line":78,"column":7}},"loc":{"start":{"line":78,"column":56},"end":{"line":99,"column":3}}},"5":{"name":"(anonymous_7)","decl":{"start":{"line":101,"column":2},"end":{"line":101,"column":7}},"loc":{"start":{"line":101,"column":55},"end":{"line":127,"column":3}}},"6":{"name":"(anonymous_8)","decl":{"start":{"line":102,"column":36},"end":{"line":102,"column":41}},"loc":{"start":{"line":102,"column":49},"end":{"line":126,"column":5}}},"7":{"name":"(anonymous_9)","decl":{"start":{"line":129,"column":2},"end":{"line":129,"column":7}},"loc":{"start":{"line":129,"column":38},"end":{"line":139,"column":3}}},"8":{"name":"(anonymous_10)","decl":{"start":{"line":141,"column":2},"end":{"line":141,"column":7}},"loc":{"start":{"line":141,"column":25},"end":{"line":164,"column":3}}},"9":{"name":"(anonymous_11)","decl":{"start":{"line":150,"column":37},"end":{"line":150,"column":42}},"loc":{"start":{"line":150,"column":50},"end":{"line":160,"column":7}}}},"branchMap":{"0":{"loc":{"start":{"line":31,"column":8},"end":{"line":33,"column":9}},"type":"if","locations":[{"start":{"line":31,"column":8},"end":{"line":33,"column":9}},{"start":{},"end":{}}]},"1":{"loc":{"start":{"line":35,"column":8},"end":{"line":39,"column":9}},"type":"if","locations":[{"start":{"line":35,"column":8},"end":{"line":39,"column":9}},{"start":{},"end":{}}]},"2":{"loc":{"start":{"line":51,"column":8},"end":{"line":53,"column":9}},"type":"if","locations":[{"start":{"line":51,"column":8},"end":{"line":53,"column":9}},{"start":{},"end":{}}]},"3":{"loc":{"start":{"line":83,"column":4},"end":{"line":85,"column":5}},"type":"if","locations":[{"start":{"line":83,"column":4},"end":{"line":85,"column":5}},{"start":{},"end":{}}]},"4":{"loc":{"start":{"line":83,"column":8},"end":{"line":83,"column":45}},"type":"binary-expr","locations":[{"start":{"line":83,"column":8},"end":{"line":83,"column":16}},{"start":{"line":83,"column":20},"end":{"line":83,"column":45}}]},"5":{"loc":{"start":{"line":87,"column":4},"end":{"line":89,"column":5}},"type":"if","locations":[{"start":{"line":87,"column":4},"end":{"line":89,"column":5}},{"start":{},"end":{}}]},"6":{"loc":{"start":{"line":91,"column":4},"end":{"line":93,"column":5}},"type":"if","locations":[{"start":{"line":91,"column":4},"end":{"line":93,"column":5}},{"start":{},"end":{}}]},"7":{"loc":{"start":{"line":107,"column":6},"end":{"line":109,"column":7}},"type":"if","locations":[{"start":{"line":107,"column":6},"end":{"line":109,"column":7}},{"start":{},"end":{}}]},"8":{"loc":{"start":{"line":107,"column":10},"end":{"line":107,"column":47}},"type":"binary-expr","locations":[{"start":{"line":107,"column":10},"end":{"line":107,"column":18}},{"start":{"line":107,"column":22},"end":{"line":107,"column":47}}]},"9":{"loc":{"start":{"line":111,"column":6},"end":{"line":115,"column":7}},"type":"if","locations":[{"start":{"line":111,"column":6},"end":{"line":115,"column":7}},{"start":{},"end":{}}]},"10":{"loc":{"start":{"line":16,"column":22},"end":{"line":16,"column":37}},"type":"cond-expr","locations":[{"start":{"line":16,"column":35},"end":{"line":16,"column":37}},{"start":{"line":16,"column":35},"end":{"line":16,"column":37}}]},"11":{"loc":{"start":{"line":16,"column":22},"end":{"line":16,"column":35}},"type":"binary-expr","locations":[{"start":{"line":16,"column":22},"end":{"line":16,"column":37}},{"start":{"line":16,"column":22},"end":{"line":16,"column":35}}]},"12":{"loc":{"start":{"line":16,"column":35},"end":{"line":16,"column":null}},"type":"cond-expr","locations":[{"start":{"line":16,"column":56},"end":{"line":16,"column":null}},{"start":{"line":16,"column":56},"end":{"line":16,"column":null}}]},"13":{"loc":{"start":{"line":16,"column":35},"end":{"line":16,"column":56}},"type":"binary-expr","locations":[{"start":{"line":16,"column":35},"end":{"line":16,"column":null}},{"start":{"line":16,"column":44},"end":{"line":16,"column":56}}]}},"s":{"0":2,"1":2,"2":2,"3":2,"4":2,"5":15,"6":15,"7":4,"8":4,"9":4,"10":4,"11":4,"12":1,"13":3,"14":1,"15":2,"16":2,"17":1,"18":1,"19":1,"20":1,"21":1,"22":4,"23":4,"24":1,"25":3,"26":1,"27":2,"28":1,"29":1,"30":4,"31":4,"32":4,"33":2,"34":2,"35":1,"36":1,"37":1,"38":1,"39":2,"40":2,"41":1,"42":1,"43":1,"44":2,"45":2,"46":2},"f":{"0":15,"1":4,"2":4,"3":4,"4":4,"5":4,"6":4,"7":1,"8":2,"9":1},"b":{"0":[1,3],"1":[1,2],"2":[1,1],"3":[1,3],"4":[4,3],"5":[1,2],"6":[1,1],"7":[2,2],"8":[4,3],"9":[1,1],"10":[2,0],"11":[2,2],"12":[2,0],"13":[2,2]}}
,"/Users/nicolaspoda/Desktop/RNCP/EventNow/backend/src/bookings/dto/create-booking.dto.ts": {"path":"/Users/nicolaspoda/Desktop/RNCP/EventNow/backend/src/bookings/dto/create-booking.dto.ts","statementMap":{"0":{"start":{"line":1,"column":0},"end":{"line":1,"column":58}},"1":{"start":{"line":3,"column":0},"end":{"line":3,"column":13}},"2":{"start":{"line":5,"column":2},"end":{"line":5,"column":null}},"3":{"start":{"line":10,"column":2},"end":{"line":10,"column":null}}},"fnMap":{},"branchMap":{},"s":{"0":1,"1":1,"2":1,"3":1},"f":{},"b":{}}
,"/Users/nicolaspoda/Desktop/RNCP/EventNow/backend/src/events/events.controller.ts": {"path":"/Users/nicolaspoda/Desktop/RNCP/EventNow/backend/src/events/events.controller.ts","statementMap":{"0":{"start":{"line":1,"column":0},"end":{"line":1,"column":null}},"1":{"start":{"line":14,"column":0},"end":{"line":14,"column":49}},"2":{"start":{"line":15,"column":0},"end":{"line":15,"column":49}},"3":{"start":{"line":16,"column":0},"end":{"line":16,"column":74}},"4":{"start":{"line":17,"column":0},"end":{"line":17,"column":61}},"5":{"start":{"line":18,"column":0},"end":{"line":18,"column":56}},"6":{"start":{"line":19,"column":0},"end":{"line":19,"column":59}},"7":{"start":{"line":20,"column":0},"end":{"line":20,"column":72}},"8":{"start":{"line":23,"column":7},"end":{"line":71,"column":null}},"9":{"start":{"line":27,"column":4},"end":{"line":27,"column":39}},"10":{"start":{"line":35,"column":4},"end":{"line":35,"column":62}},"11":{"start":{"line":42,"column":4},"end":{"line":42,"column":45}},"12":{"start":{"line":49,"column":4},"end":{"line":49,"column":42}},"13":{"start":{"line":61,"column":4},"end":{"line":61,"column":66}},"14":{"start":{"line":69,"column":4},"end":{"line":69,"column":50}},"15":{"start":{"line":23,"column":13},"end":{"line":23,"column":29}},"16":{"start":{"line":34,"column":2},"end":{"line":36,"column":null}},"17":{"start":{"line":41,"column":2},"end":{"line":43,"column":null}},"18":{"start":{"line":48,"column":2},"end":{"line":50,"column":null}},"19":{"start":{"line":56,"column":2},"end":{"line":62,"column":null}},"20":{"start":{"line":68,"column":2},"end":{"line":70,"column":null}},"21":{"start":{"line":23,"column":13},"end":{"line":71,"column":null}}},"fnMap":{"0":{"name":"(anonymous_4)","decl":{"start":{"line":26,"column":2},"end":{"line":26,"column":14}},"loc":{"start":{"line":26,"column":42},"end":{"line":28,"column":3}}},"1":{"name":"(anonymous_5)","decl":{"start":{"line":34,"column":2},"end":{"line":34,"column":8}},"loc":{"start":{"line":34,"column":73},"end":{"line":36,"column":3}}},"2":{"name":"(anonymous_6)","decl":{"start":{"line":41,"column":2},"end":{"line":41,"column":9}},"loc":{"start":{"line":41,"column":43},"end":{"line":43,"column":3}}},"3":{"name":"(anonymous_7)","decl":{"start":{"line":48,"column":2},"end":{"line":48,"column":9}},"loc":{"start":{"line":48,"column":33},"end":{"line":50,"column":3}}},"4":{"name":"(anonymous_8)","decl":{"start":{"line":56,"column":2},"end":{"line":56,"column":8}},"loc":{"start":{"line":59,"column":42},"end":{"line":62,"column":3}}},"5":{"name":"(anonymous_9)","decl":{"start":{"line":68,"column":2},"end":{"line":68,"column":8}},"loc":{"start":{"line":68,"column":58},"end":{"line":70,"column":3}}}},"branchMap":{"0":{"loc":{"start":{"line":34,"column":59},"end":{"line":34,"column":null}},"type":"cond-expr","locations":[{"start":{"line":34,"column":73},"end":{"line":34,"column":null}},{"start":{"line":34,"column":73},"end":{"line":34,"column":null}}]},"1":{"loc":{"start":{"line":34,"column":59},"end":{"line":34,"column":73}},"type":"binary-expr","locations":[{"start":{"line":34,"column":59},"end":{"line":34,"column":null}},{"start":{"line":34,"column":59},"end":{"line":34,"column":73}}]},"2":{"loc":{"start":{"line":41,"column":26},"end":{"line":41,"column":null}},"type":"cond-expr","locations":[{"start":{"line":41,"column":43},"end":{"line":41,"column":null}},{"start":{"line":41,"column":43},"end":{"line":41,"column":null}}]},"3":{"loc":{"start":{"line":41,"column":26},"end":{"line":41,"column":43}},"type":"binary-expr","locations":[{"start":{"line":41,"column":26},"end":{"line":41,"column":null}},{"start":{"line":41,"column":26},"end":{"line":41,"column":43}}]},"4":{"loc":{"start":{"line":59,"column":28},"end":{"line":59,"column":null}},"type":"cond-expr","locations":[{"start":{"line":59,"column":42},"end":{"line":59,"column":null}},{"start":{"line":59,"column":42},"end":{"line":59,"column":null}}]},"5":{"loc":{"start":{"line":59,"column":28},"end":{"line":59,"column":42}},"type":"binary-expr","locations":[{"start":{"line":59,"column":28},"end":{"line":59,"column":null}},{"start":{"line":59,"column":28},"end":{"line":59,"column":42}}]},"6":{"loc":{"start":{"line":26,"column":29},"end":{"line":26,"column":null}},"type":"cond-expr","locations":[{"start":{"line":26,"column":42},"end":{"line":26,"column":null}},{"start":{"line":26,"column":42},"end":{"line":26,"column":null}}]},"7":{"loc":{"start":{"line":26,"column":29},"end":{"line":26,"column":42}},"type":"binary-expr","locations":[{"start":{"line":26,"column":29},"end":{"line":26,"column":null}},{"start":{"line":26,"column":29},"end":{"line":26,"column":42}}]}},"s":{"0":1,"1":1,"2":1,"3":1,"4":1,"5":1,"6":1,"7":1,"8":1,"9":5,"10":1,"11":1,"12":1,"13":1,"14":1,"15":1,"16":1,"17":1,"18":1,"19":1,"20":1,"21":1},"f":{"0":5,"1":1,"2":1,"3":1,"4":1,"5":1},"b":{"0":[1,0],"1":[1,1],"2":[1,0],"3":[1,1],"4":[1,0],"5":[1,1],"6":[1,0],"7":[1,1]}}
,"/Users/nicolaspoda/Desktop/RNCP/EventNow/backend/src/events/events.service.ts": {"path":"/Users/nicolaspoda/Desktop/RNCP/EventNow/backend/src/events/events.service.ts","statementMap":{"0":{"start":{"line":1,"column":0},"end":{"line":1,"column":null}},"1":{"start":{"line":7,"column":0},"end":{"line":7,"column":57}},"2":{"start":{"line":11,"column":7},"end":{"line":260,"column":null}},"3":{"start":{"line":15,"column":4},"end":{"line":15,"column":25}},"4":{"start":{"line":19,"column":22},"end":{"line":19,"column":57}},"5":{"start":{"line":20,"column":4},"end":{"line":24,"column":5}},"6":{"start":{"line":21,"column":6},"end":{"line":23,"column":8}},"7":{"start":{"line":26,"column":4},"end":{"line":59,"column":7}},"8":{"start":{"line":27,"column":20},"end":{"line":56,"column":8}},"9":{"start":{"line":36,"column":72},"end":{"line":42,"column":14}},"10":{"start":{"line":58,"column":6},"end":{"line":58,"column":19}},"11":{"start":{"line":68,"column":16},"end":{"line":68,"column":26}},"12":{"start":{"line":69,"column":58},"end":{"line":71,"column":6}},"13":{"start":{"line":73,"column":4},"end":{"line":81,"column":5}},"14":{"start":{"line":74,"column":19},"end":{"line":74,"column":40}},"15":{"start":{"line":75,"column":6},"end":{"line":80,"column":9}},"16":{"start":{"line":83,"column":4},"end":{"line":90,"column":5}},"17":{"start":{"line":84,"column":6},"end":{"line":89,"column":9}},"18":{"start":{"line":92,"column":4},"end":{"line":97,"column":5}},"19":{"start":{"line":93,"column":23},"end":{"line":93,"column":49}},"20":{"start":{"line":94,"column":6},"end":{"line":96,"column":7}},"21":{"start":{"line":95,"column":8},"end":{"line":95,"column":61}},"22":{"start":{"line":99,"column":4},"end":{"line":104,"column":5}},"23":{"start":{"line":100,"column":21},"end":{"line":100,"column":45}},"24":{"start":{"line":101,"column":6},"end":{"line":103,"column":7}},"25":{"start":{"line":102,"column":8},"end":{"line":102,"column":59}},"26":{"start":{"line":106,"column":4},"end":{"line":130,"column":7}},"27":{"start":{"line":134,"column":18},"end":{"line":156,"column":6}},"28":{"start":{"line":158,"column":4},"end":{"line":160,"column":5}},"29":{"start":{"line":159,"column":6},"end":{"line":159,"column":75}},"30":{"start":{"line":162,"column":4},"end":{"line":162,"column":17}},"31":{"start":{"line":166,"column":18},"end":{"line":168,"column":6}},"32":{"start":{"line":170,"column":4},"end":{"line":172,"column":5}},"33":{"start":{"line":171,"column":6},"end":{"line":171,"column":75}},"34":{"start":{"line":174,"column":4},"end":{"line":178,"column":5}},"35":{"start":{"line":175,"column":6},"end":{"line":177,"column":8}},"36":{"start":{"line":180,"column":4},"end":{"line":187,"column":5}},"37":{"start":{"line":181,"column":24},"end":{"line":181,"column":59}},"38":{"start":{"line":182,"column":6},"end":{"line":186,"column":7}},"39":{"start":{"line":183,"column":8},"end":{"line":185,"column":10}},"40":{"start":{"line":189,"column":4},"end":{"line":236,"column":7}},"41":{"start":{"line":190,"column":6},"end":{"line":194,"column":7}},"42":{"start":{"line":191,"column":8},"end":{"line":193,"column":11}},"43":{"start":{"line":196,"column":27},"end":{"line":233,"column":8}},"44":{"start":{"line":212,"column":74},"end":{"line":218,"column":16}},"45":{"start":{"line":235,"column":6},"end":{"line":235,"column":26}},"46":{"start":{"line":240,"column":18},"end":{"line":242,"column":6}},"47":{"start":{"line":244,"column":4},"end":{"line":246,"column":5}},"48":{"start":{"line":245,"column":6},"end":{"line":245,"column":75}},"49":{"start":{"line":248,"column":4},"end":{"line":252,"column":5}},"50":{"start":{"line":249,"column":6},"end":{"line":251,"column":8}},"51":{"start":{"line":254,"column":4},"end":{"line":256,"column":7}},"52":{"start":{"line":258,"column":4},"end":{"line":258,"column":57}},"53":{"start":{"line":11,"column":13},"end":{"line":11,"column":26}},"54":{"start":{"line":11,"column":13},"end":{"line":260,"column":null}}},"fnMap":{"0":{"name":"(anonymous_2)","decl":{"start":{"line":14,"column":2},"end":{"line":14,"column":14}},"loc":{"start":{"line":14,"column":35},"end":{"line":16,"column":3}}},"1":{"name":"(anonymous_3)","decl":{"start":{"line":18,"column":2},"end":{"line":18,"column":7}},"loc":{"start":{"line":18,"column":61},"end":{"line":60,"column":3}}},"2":{"name":"(anonymous_4)","decl":{"start":{"line":26,"column":36},"end":{"line":26,"column":41}},"loc":{"start":{"line":26,"column":49},"end":{"line":59,"column":5}}},"3":{"name":"(anonymous_5)","decl":{"start":{"line":36,"column":57},"end":{"line":36,"column":58}},"loc":{"start":{"line":36,"column":72},"end":{"line":42,"column":14}}},"4":{"name":"(anonymous_6)","decl":{"start":{"line":62,"column":2},"end":{"line":62,"column":7}},"loc":{"start":{"line":67,"column":3},"end":{"line":131,"column":3}}},"5":{"name":"(anonymous_7)","decl":{"start":{"line":133,"column":2},"end":{"line":133,"column":7}},"loc":{"start":{"line":133,"column":26},"end":{"line":163,"column":3}}},"6":{"name":"(anonymous_8)","decl":{"start":{"line":165,"column":2},"end":{"line":165,"column":7}},"loc":{"start":{"line":165,"column":73},"end":{"line":237,"column":3}}},"7":{"name":"(anonymous_9)","decl":{"start":{"line":189,"column":36},"end":{"line":189,"column":41}},"loc":{"start":{"line":189,"column":49},"end":{"line":236,"column":5}}},"8":{"name":"(anonymous_10)","decl":{"start":{"line":212,"column":59},"end":{"line":212,"column":60}},"loc":{"start":{"line":212,"column":74},"end":{"line":218,"column":16}}},"9":{"name":"(anonymous_11)","decl":{"start":{"line":239,"column":2},"end":{"line":239,"column":7}},"loc":{"start":{"line":239,"column":41},"end":{"line":259,"column":3}}}},"branchMap":{"0":{"loc":{"start":{"line":20,"column":4},"end":{"line":24,"column":5}},"type":"if","locations":[{"start":{"line":20,"column":4},"end":{"line":24,"column":5}},{"start":{},"end":{}}]},"1":{"loc":{"start":{"line":73,"column":4},"end":{"line":81,"column":5}},"type":"if","locations":[{"start":{"line":73,"column":4},"end":{"line":81,"column":5}},{"start":{},"end":{}}]},"2":{"loc":{"start":{"line":83,"column":4},"end":{"line":90,"column":5}},"type":"if","locations":[{"start":{"line":83,"column":4},"end":{"line":90,"column":5}},{"start":{},"end":{}}]},"3":{"loc":{"start":{"line":92,"column":4},"end":{"line":97,"column":5}},"type":"if","locations":[{"start":{"line":92,"column":4},"end":{"line":97,"column":5}},{"start":{},"end":{}}]},"4":{"loc":{"start":{"line":94,"column":6},"end":{"line":96,"column":7}},"type":"if","locations":[{"start":{"line":94,"column":6},"end":{"line":96,"column":7}},{"start":{},"end":{}}]},"5":{"loc":{"start":{"line":99,"column":4},"end":{"line":104,"column":5}},"type":"if","locations":[{"start":{"line":99,"column":4},"end":{"line":104,"column":5}},{"start":{},"end":{}}]},"6":{"loc":{"start":{"line":101,"column":6},"end":{"line":103,"column":7}},"type":"if","locations":[{"start":{"line":101,"column":6},"end":{"line":103,"column":7}},{"start":{},"end":{}}]},"7":{"loc":{"start":{"line":158,"column":4},"end":{"line":160,"column":5}},"type":"if","locations":[{"start":{"line":158,"column":4},"end":{"line":160,"column":5}},{"start":{},"end":{}}]},"8":{"loc":{"start":{"line":170,"column":4},"end":{"line":172,"column":5}},"type":"if","locations":[{"start":{"line":170,"column":4},"end":{"line":172,"column":5}},{"start":{},"end":{}}]},"9":{"loc":{"start":{"line":174,"column":4},"end":{"line":178,"column":5}},"type":"if","locations":[{"start":{"line":174,"column":4},"end":{"line":178,"column":5}},{"start":{},"end":{}}]},"10":{"loc":{"start":{"line":180,"column":4},"end":{"line":187,"column":5}},"type":"if","locations":[{"start":{"line":180,"column":4},"end":{"line":187,"column":5}},{"start":{},"end":{}}]},"11":{"loc":{"start":{"line":182,"column":6},"end":{"line":186,"column":7}},"type":"if","locations":[{"start":{"line":182,"column":6},"end":{"line":186,"column":7}},{"start":{},"end":{}}]},"12":{"loc":{"start":{"line":190,"column":6},"end":{"line":194,"column":7}},"type":"if","locations":[{"start":{"line":190,"column":6},"end":{"line":194,"column":7}},{"start":{},"end":{}}]},"13":{"loc":{"start":{"line":199,"column":14},"end":{"line":199,"column":69}},"type":"binary-expr","locations":[{"start":{"line":199,"column":14},"end":{"line":199,"column":34}},{"start":{"line":199,"column":38},"end":{"line":199,"column":69}}]},"14":{"loc":{"start":{"line":200,"column":14},"end":{"line":202,"column":12}},"type":"binary-expr","locations":[{"start":{"line":200,"column":14},"end":{"line":200,"column":54}},{"start":{"line":200,"column":58},"end":{"line":202,"column":12}}]},"15":{"loc":{"start":{"line":203,"column":14},"end":{"line":203,"column":78}},"type":"binary-expr","locations":[{"start":{"line":203,"column":14},"end":{"line":203,"column":37}},{"start":{"line":203,"column":41},"end":{"line":203,"column":78}}]},"16":{"loc":{"start":{"line":204,"column":14},"end":{"line":206,"column":12}},"type":"binary-expr","locations":[{"start":{"line":204,"column":14},"end":{"line":204,"column":52}},{"start":{"line":204,"column":56},"end":{"line":206,"column":12}}]},"17":{"loc":{"start":{"line":207,"column":14},"end":{"line":209,"column":12}},"type":"binary-expr","locations":[{"start":{"line":207,"column":14},"end":{"line":207,"column":39}},{"start":{"line":207,"column":43},"end":{"line":209,"column":12}}]},"18":{"loc":{"start":{"line":210,"column":14},"end":{"line":220,"column":12}},"type":"binary-expr","locations":[{"start":{"line":210,"column":14},"end":{"line":210,"column":46}},{"start":{"line":210,"column":50},"end":{"line":220,"column":12}}]},"19":{"loc":{"start":{"line":244,"column":4},"end":{"line":246,"column":5}},"type":"if","locations":[{"start":{"line":244,"column":4},"end":{"line":246,"column":5}},{"start":{},"end":{}}]},"20":{"loc":{"start":{"line":248,"column":4},"end":{"line":252,"column":5}},"type":"if","locations":[{"start":{"line":248,"column":4},"end":{"line":252,"column":5}},{"start":{},"end":{}}]},"21":{"loc":{"start":{"line":14,"column":22},"end":{"line":14,"column":null}},"type":"cond-expr","locations":[{"start":{"line":14,"column":35},"end":{"line":14,"column":null}},{"start":{"line":14,"column":35},"end":{"line":14,"column":null}}]},"22":{"loc":{"start":{"line":14,"column":22},"end":{"line":14,"column":35}},"type":"binary-expr","locations":[{"start":{"line":14,"column":22},"end":{"line":14,"column":null}},{"start":{"line":14,"column":22},"end":{"line":14,"column":35}}]}},"s":{"0":2,"1":2,"2":2,"3":24,"4":2,"5":2,"6":1,"7":1,"8":1,"9":1,"10":1,"11":7,"12":7,"13":7,"14":1,"15":1,"16":7,"17":1,"18":7,"19":2,"20":2,"21":1,"22":7,"23":2,"24":2,"25":1,"26":7,"27":2,"28":2,"29":1,"30":1,"31":10,"32":10,"33":1,"34":9,"35":1,"36":8,"37":1,"38":1,"39":1,"40":7,"41":7,"42":1,"43":7,"44":1,"45":7,"46":3,"47":3,"48":1,"49":2,"50":1,"51":1,"52":1,"53":2,"54":2},"f":{"0":24,"1":2,"2":1,"3":1,"4":7,"5":2,"6":10,"7":7,"8":1,"9":3},"b":{"0":[1,1],"1":[1,6],"2":[1,6],"3":[2,5],"4":[1,1],"5":[2,5],"6":[1,1],"7":[1,1],"8":[1,9],"9":[1,8],"10":[1,7],"11":[1,0],"12":[1,6],"13":[7,3],"14":[7,1],"15":[7,2],"16":[7,1],"17":[7,0],"18":[7,1],"19":[1,2],"20":[1,1],"21":[2,0],"22":[2,2]}}
,"/Users/nicolaspoda/Desktop/RNCP/EventNow/backend/src/events/dto/create-event.dto.ts": {"path":"/Users/nicolaspoda/Desktop/RNCP/EventNow/backend/src/events/dto/create-event.dto.ts","statementMap":{"0":{"start":{"line":1,"column":0},"end":{"line":1,"column":null}},"1":{"start":{"line":10,"column":0},"end":{"line":10,"column":41}},"2":{"start":{"line":11,"column":0},"end":{"line":11,"column":71}},"3":{"start":{"line":13,"column":0},"end":{"line":13,"column":13}},"4":{"start":{"line":16,"column":2},"end":{"line":16,"column":null}},"5":{"start":{"line":20,"column":2},"end":{"line":20,"column":null}},"6":{"start":{"line":24,"column":2},"end":{"line":24,"column":null}},"7":{"start":{"line":28,"column":2},"end":{"line":28,"column":null}},"8":{"start":{"line":31,"column":2},"end":{"line":31,"column":null}},"9":{"start":{"line":37,"column":2},"end":{"line":37,"column":null}},"10":{"start":{"line":35,"column":14},"end":{"line":35,"column":37}}},"fnMap":{"0":{"name":"(anonymous_2)","decl":{"start":{"line":35,"column":8},"end":{"line":35,"column":11}},"loc":{"start":{"line":35,"column":14},"end":{"line":35,"column":37}}}},"branchMap":{},"s":{"0":2,"1":2,"2":2,"3":2,"4":2,"5":2,"6":2,"7":2,"8":2,"9":2,"10":1},"f":{"0":1},"b":{}}
,"/Users/nicolaspoda/Desktop/RNCP/EventNow/backend/src/events/dto/create-ticket-category.dto.ts": {"path":"/Users/nicolaspoda/Desktop/RNCP/EventNow/backend/src/events/dto/create-ticket-category.dto.ts","statementMap":{"0":{"start":{"line":1,"column":0},"end":{"line":1,"column":null}},"1":{"start":{"line":8,"column":0},"end":{"line":8,"column":41}},"2":{"start":{"line":10,"column":0},"end":{"line":10,"column":13}},"3":{"start":{"line":13,"column":2},"end":{"line":13,"column":null}},"4":{"start":{"line":17,"column":2},"end":{"line":17,"column":null}},"5":{"start":{"line":22,"column":2},"end":{"line":22,"column":null}},"6":{"start":{"line":20,"column":14},"end":{"line":20,"column":20}},"7":{"start":{"line":27,"column":2},"end":{"line":27,"column":null}},"8":{"start":{"line":25,"column":14},"end":{"line":25,"column":20}}},"fnMap":{"0":{"name":"(anonymous_2)","decl":{"start":{"line":20,"column":8},"end":{"line":20,"column":11}},"loc":{"start":{"line":20,"column":14},"end":{"line":20,"column":20}}},"1":{"name":"(anonymous_3)","decl":{"start":{"line":25,"column":8},"end":{"line":25,"column":11}},"loc":{"start":{"line":25,"column":14},"end":{"line":25,"column":20}}}},"branchMap":{},"s":{"0":4,"1":4,"2":4,"3":4,"4":4,"5":4,"6":3,"7":4,"8":3},"f":{"0":3,"1":3},"b":{}}
,"/Users/nicolaspoda/Desktop/RNCP/EventNow/backend/src/events/dto/get-events-query.dto.ts": {"path":"/Users/nicolaspoda/Desktop/RNCP/EventNow/backend/src/events/dto/get-events-query.dto.ts","statementMap":{"0":{"start":{"line":1,"column":0},"end":{"line":1,"column":69}},"1":{"start":{"line":3,"column":0},"end":{"line":3,"column":13}},"2":{"start":{"line":6,"column":2},"end":{"line":6,"column":null}},"3":{"start":{"line":10,"column":2},"end":{"line":10,"column":null}},"4":{"start":{"line":14,"column":2},"end":{"line":14,"column":null}},"5":{"start":{"line":18,"column":2},"end":{"line":18,"column":null}}},"fnMap":{},"branchMap":{},"s":{"0":1,"1":1,"2":1,"3":1,"4":1,"5":1},"f":{},"b":{}}
,"/Users/nicolaspoda/Desktop/RNCP/EventNow/backend/src/events/dto/update-event.dto.ts": {"path":"/Users/nicolaspoda/Desktop/RNCP/EventNow/backend/src/events/dto/update-event.dto.ts","statementMap":{"0":{"start":{"line":1,"column":0},"end":{"line":1,"column":null}},"1":{"start":{"line":8,"column":0},"end":{"line":8,"column":41}},"2":{"start":{"line":9,"column":0},"end":{"line":9,"column":71}},"3":{"start":{"line":11,"column":0},"end":{"line":11,"column":13}},"4":{"start":{"line":14,"column":2},"end":{"line":14,"column":null}},"5":{"start":{"line":18,"column":2},"end":{"line":18,"column":null}},"6":{"start":{"line":22,"column":2},"end":{"line":22,"column":null}},"7":{"start":{"line":26,"column":2},"end":{"line":26,"column":null}},"8":{"start":{"line":30,"column":2},"end":{"line":30,"column":null}},"9":{"start":{"line":36,"column":2},"end":{"line":36,"column":null}},"10":{"start":{"line":34,"column":14},"end":{"line":34,"column":37}}},"fnMap":{"0":{"name":"(anonymous_2)","decl":{"start":{"line":34,"column":8},"end":{"line":34,"column":11}},"loc":{"start":{"line":34,"column":14},"end":{"line":34,"column":37}}}},"branchMap":{},"s":{"0":2,"1":2,"2":2,"3":2,"4":2,"5":2,"6":2,"7":2,"8":2,"9":2,"10":1},"f":{"0":1},"b":{}}
,"/Users/nicolaspoda/Desktop/RNCP/EventNow/backend/src/orders/orders.controller.ts": {"path":"/Users/nicolaspoda/Desktop/RNCP/EventNow/backend/src/orders/orders.controller.ts","statementMap":{"0":{"start":{"line":1,"column":0},"end":{"line":1,"column":null}},"1":{"start":{"line":12,"column":0},"end":{"line":12,"column":45}},"2":{"start":{"line":13,"column":0},"end":{"line":13,"column":49}},"3":{"start":{"line":14,"column":0},"end":{"line":14,"column":58}},"4":{"start":{"line":15,"column":0},"end":{"line":15,"column":61}},"5":{"start":{"line":16,"column":0},"end":{"line":16,"column":56}},"6":{"start":{"line":17,"column":0},"end":{"line":17,"column":59}},"7":{"start":{"line":18,"column":0},"end":{"line":18,"column":72}},"8":{"start":{"line":22,"column":7},"end":{"line":70,"column":null}},"9":{"start":{"line":26,"column":4},"end":{"line":26,"column":39}},"10":{"start":{"line":34,"column":4},"end":{"line":34,"column":70}},"11":{"start":{"line":42,"column":4},"end":{"line":46,"column":6}},"12":{"start":{"line":53,"column":4},"end":{"line":53,"column":53}},"13":{"start":{"line":60,"column":4},"end":{"line":60,"column":56}},"14":{"start":{"line":68,"column":4},"end":{"line":68,"column":55}},"15":{"start":{"line":22,"column":13},"end":{"line":22,"column":29}},"16":{"start":{"line":33,"column":2},"end":{"line":35,"column":null}},"17":{"start":{"line":41,"column":2},"end":{"line":47,"column":null}},"18":{"start":{"line":52,"column":2},"end":{"line":54,"column":null}},"19":{"start":{"line":59,"column":2},"end":{"line":61,"column":null}},"20":{"start":{"line":67,"column":2},"end":{"line":69,"column":null}},"21":{"start":{"line":22,"column":13},"end":{"line":70,"column":null}}},"fnMap":{"0":{"name":"(anonymous_4)","decl":{"start":{"line":25,"column":2},"end":{"line":25,"column":14}},"loc":{"start":{"line":25,"column":42},"end":{"line":27,"column":3}}},"1":{"name":"(anonymous_5)","decl":{"start":{"line":33,"column":2},"end":{"line":33,"column":17}},"loc":{"start":{"line":33,"column":71},"end":{"line":35,"column":3}}},"2":{"name":"(anonymous_6)","decl":{"start":{"line":41,"column":2},"end":{"line":41,"column":16}},"loc":{"start":{"line":41,"column":73},"end":{"line":47,"column":3}}},"3":{"name":"(anonymous_7)","decl":{"start":{"line":52,"column":2},"end":{"line":52,"column":15}},"loc":{"start":{"line":52,"column":40},"end":{"line":54,"column":3}}},"4":{"name":"(anonymous_8)","decl":{"start":{"line":59,"column":2},"end":{"line":59,"column":10}},"loc":{"start":{"line":59,"column":60},"end":{"line":61,"column":3}}},"5":{"name":"(anonymous_9)","decl":{"start":{"line":67,"column":2},"end":{"line":67,"column":13}},"loc":{"start":{"line":67,"column":63},"end":{"line":69,"column":3}}}},"branchMap":{"0":{"loc":{"start":{"line":33,"column":31},"end":{"line":33,"column":48}},"type":"cond-expr","locations":[{"start":{"line":33,"column":45},"end":{"line":33,"column":48}},{"start":{"line":33,"column":45},"end":{"line":33,"column":48}}]},"1":{"loc":{"start":{"line":33,"column":31},"end":{"line":33,"column":45}},"type":"binary-expr","locations":[{"start":{"line":33,"column":31},"end":{"line":33,"column":48}},{"start":{"line":33,"column":31},"end":{"line":33,"column":45}}]},"2":{"loc":{"start":{"line":41,"column":30},"end":{"line":41,"column":50}},"type":"cond-expr","locations":[{"start":{"line":41,"column":47},"end":{"line":41,"column":50}},{"start":{"line":41,"column":47},"end":{"line":41,"column":50}}]},"3":{"loc":{"start":{"line":41,"column":30},"end":{"line":41,"column":47}},"type":"binary-expr","locations":[{"start":{"line":41,"column":30},"end":{"line":41,"column":50}},{"start":{"line":41,"column":30},"end":{"line":41,"column":47}}]},"4":{"loc":{"start":{"line":25,"column":29},"end":{"line":25,"column":null}},"type":"cond-expr","locations":[{"start":{"line":25,"column":42},"end":{"line":25,"column":null}},{"start":{"line":25,"column":42},"end":{"line":25,"column":null}}]},"5":{"loc":{"start":{"line":25,"column":29},"end":{"line":25,"column":42}},"type":"binary-expr","locations":[{"start":{"line":25,"column":29},"end":{"line":25,"column":null}},{"start":{"line":25,"column":29},"end":{"line":25,"column":42}}]}},"s":{"0":1,"1":1,"2":1,"3":1,"4":1,"5":1,"6":1,"7":1,"8":1,"9":5,"10":1,"11":1,"12":1,"13":1,"14":1,"15":1,"16":1,"17":1,"18":1,"19":1,"20":1,"21":1},"f":{"0":5,"1":1,"2":1,"3":1,"4":1,"5":1},"b":{"0":[1,0],"1":[1,1],"2":[1,0],"3":[1,1],"4":[1,0],"5":[1,1]}}
,"/Users/nicolaspoda/Desktop/RNCP/EventNow/backend/src/orders/orders.service.ts": {"path":"/Users/nicolaspoda/Desktop/RNCP/EventNow/backend/src/orders/orders.service.ts","statementMap":{"0":{"start":{"line":1,"column":0},"end":{"line":1,"column":null}},"1":{"start":{"line":6,"column":0},"end":{"line":6,"column":57}},"2":{"start":{"line":7,"column":0},"end":{"line":7,"column":60}},"3":{"start":{"line":8,"column":0},"end":{"line":8,"column":60}},"4":{"start":{"line":9,"column":0},"end":{"line":9,"column":33}},"5":{"start":{"line":12,"column":7},"end":{"line":186,"column":null}},"6":{"start":{"line":17,"column":4},"end":{"line":17,"column":25}},"7":{"start":{"line":18,"column":4},"end":{"line":18,"column":41}},"8":{"start":{"line":22,"column":4},"end":{"line":22,"column":70}},"9":{"start":{"line":26,"column":4},"end":{"line":86,"column":7}},"10":{"start":{"line":27,"column":22},"end":{"line":34,"column":8}},"11":{"start":{"line":36,"column":6},"end":{"line":38,"column":7}},"12":{"start":{"line":37,"column":8},"end":{"line":37,"column":63}},"13":{"start":{"line":40,"column":6},"end":{"line":42,"column":7}},"14":{"start":{"line":41,"column":8},"end":{"line":41,"column":66}},"15":{"start":{"line":44,"column":6},"end":{"line":46,"column":7}},"16":{"start":{"line":45,"column":8},"end":{"line":45,"column":61}},"17":{"start":{"line":49,"column":8},"end":{"line":49,"column":63}},"18":{"start":{"line":51,"column":6},"end":{"line":54,"column":9}},"19":{"start":{"line":56,"column":20},"end":{"line":63,"column":8}},"20":{"start":{"line":65,"column":22},"end":{"line":78,"column":null}},"21":{"start":{"line":69,"column":27},"end":{"line":69,"column":63}},"22":{"start":{"line":71,"column":12},"end":{"line":77,"column":15}},"23":{"start":{"line":81,"column":6},"end":{"line":85,"column":8}},"24":{"start":{"line":90,"column":22},"end":{"line":90,"column":32}},"25":{"start":{"line":91,"column":24},"end":{"line":91,"column":61}},"26":{"start":{"line":92,"column":17},"end":{"line":96,"column":23}},"27":{"start":{"line":98,"column":4},"end":{"line":98,"column":55}},"28":{"start":{"line":102,"column":4},"end":{"line":114,"column":7}},"29":{"start":{"line":118,"column":18},"end":{"line":129,"column":6}},"30":{"start":{"line":131,"column":4},"end":{"line":133,"column":5}},"31":{"start":{"line":132,"column":6},"end":{"line":132,"column":58}},"32":{"start":{"line":135,"column":4},"end":{"line":135,"column":17}},"33":{"start":{"line":139,"column":4},"end":{"line":184,"column":7}},"34":{"start":{"line":140,"column":20},"end":{"line":151,"column":8}},"35":{"start":{"line":153,"column":6},"end":{"line":155,"column":7}},"36":{"start":{"line":154,"column":8},"end":{"line":154,"column":60}},"37":{"start":{"line":157,"column":6},"end":{"line":159,"column":7}},"38":{"start":{"line":158,"column":8},"end":{"line":158,"column":77}},"39":{"start":{"line":161,"column":24},"end":{"line":161,"column":71}},"40":{"start":{"line":162,"column":29},"end":{"line":163,"column":null}},"41":{"start":{"line":166,"column":6},"end":{"line":170,"column":7}},"42":{"start":{"line":167,"column":8},"end":{"line":169,"column":10}},"43":{"start":{"line":172,"column":26},"end":{"line":172,"column":46}},"44":{"start":{"line":173,"column":25},"end":{"line":173,"column":58}},"45":{"start":{"line":175,"column":6},"end":{"line":178,"column":9}},"46":{"start":{"line":180,"column":6},"end":{"line":183,"column":9}},"47":{"start":{"line":12,"column":13},"end":{"line":12,"column":26}},"48":{"start":{"line":12,"column":13},"end":{"line":186,"column":null}}},"fnMap":{"0":{"name":"(anonymous_11)","decl":{"start":{"line":16,"column":2},"end":{"line":16,"column":14}},"loc":{"start":{"line":16,"column":67},"end":{"line":19,"column":3}}},"1":{"name":"(anonymous_12)","decl":{"start":{"line":21,"column":2},"end":{"line":21,"column":7}},"loc":{"start":{"line":21,"column":57},"end":{"line":23,"column":3}}},"2":{"name":"(anonymous_13)","decl":{"start":{"line":25,"column":2},"end":{"line":25,"column":7}},"loc":{"start":{"line":25,"column":75},"end":{"line":87,"column":3}}},"3":{"name":"(anonymous_14)","decl":{"start":{"line":26,"column":36},"end":{"line":26,"column":41}},"loc":{"start":{"line":26,"column":49},"end":{"line":86,"column":5}}},"4":{"name":"(anonymous_15)","decl":{"start":{"line":68,"column":15},"end":{"line":68,"column":20}},"loc":{"start":{"line":68,"column":34},"end":{"line":78,"column":11}}},"5":{"name":"(anonymous_16)","decl":{"start":{"line":89,"column":10},"end":{"line":89,"column":24}},"loc":{"start":{"line":89,"column":55},"end":{"line":99,"column":3}}},"6":{"name":"(anonymous_17)","decl":{"start":{"line":101,"column":2},"end":{"line":101,"column":7}},"loc":{"start":{"line":101,"column":36},"end":{"line":115,"column":3}}},"7":{"name":"(anonymous_18)","decl":{"start":{"line":117,"column":2},"end":{"line":117,"column":7}},"loc":{"start":{"line":117,"column":52},"end":{"line":136,"column":3}}},"8":{"name":"(anonymous_19)","decl":{"start":{"line":138,"column":2},"end":{"line":138,"column":7}},"loc":{"start":{"line":138,"column":51},"end":{"line":185,"column":3}}},"9":{"name":"(anonymous_20)","decl":{"start":{"line":139,"column":36},"end":{"line":139,"column":41}},"loc":{"start":{"line":139,"column":49},"end":{"line":184,"column":5}}}},"branchMap":{"0":{"loc":{"start":{"line":36,"column":6},"end":{"line":38,"column":7}},"type":"if","locations":[{"start":{"line":36,"column":6},"end":{"line":38,"column":7}},{"start":{},"end":{}}]},"1":{"loc":{"start":{"line":36,"column":10},"end":{"line":36,"column":47}},"type":"binary-expr","locations":[{"start":{"line":36,"column":10},"end":{"line":36,"column":18}},{"start":{"line":36,"column":22},"end":{"line":36,"column":47}}]},"2":{"loc":{"start":{"line":40,"column":6},"end":{"line":42,"column":7}},"type":"if","locations":[{"start":{"line":40,"column":6},"end":{"line":42,"column":7}},{"start":{},"end":{}}]},"3":{"loc":{"start":{"line":44,"column":6},"end":{"line":46,"column":7}},"type":"if","locations":[{"start":{"line":44,"column":6},"end":{"line":46,"column":7}},{"start":{},"end":{}}]},"4":{"loc":{"start":{"line":131,"column":4},"end":{"line":133,"column":5}},"type":"if","locations":[{"start":{"line":131,"column":4},"end":{"line":133,"column":5}},{"start":{},"end":{}}]},"5":{"loc":{"start":{"line":131,"column":8},"end":{"line":131,"column":41}},"type":"binary-expr","locations":[{"start":{"line":131,"column":8},"end":{"line":131,"column":14}},{"start":{"line":131,"column":18},"end":{"line":131,"column":41}}]},"6":{"loc":{"start":{"line":153,"column":6},"end":{"line":155,"column":7}},"type":"if","locations":[{"start":{"line":153,"column":6},"end":{"line":155,"column":7}},{"start":{},"end":{}}]},"7":{"loc":{"start":{"line":153,"column":10},"end":{"line":153,"column":43}},"type":"binary-expr","locations":[{"start":{"line":153,"column":10},"end":{"line":153,"column":16}},{"start":{"line":153,"column":20},"end":{"line":153,"column":43}}]},"8":{"loc":{"start":{"line":157,"column":6},"end":{"line":159,"column":7}},"type":"if","locations":[{"start":{"line":157,"column":6},"end":{"line":159,"column":7}},{"start":{},"end":{}}]},"9":{"loc":{"start":{"line":166,"column":6},"end":{"line":170,"column":7}},"type":"if","locations":[{"start":{"line":166,"column":6},"end":{"line":170,"column":7}},{"start":{},"end":{}}]},"10":{"loc":{"start":{"line":16,"column":22},"end":{"line":16,"column":37}},"type":"cond-expr","locations":[{"start":{"line":16,"column":35},"end":{"line":16,"column":37}},{"start":{"line":16,"column":35},"end":{"line":16,"column":37}}]},"11":{"loc":{"start":{"line":16,"column":22},"end":{"line":16,"column":35}},"type":"binary-expr","locations":[{"start":{"line":16,"column":22},"end":{"line":16,"column":37}},{"start":{"line":16,"column":22},"end":{"line":16,"column":35}}]},"12":{"loc":{"start":{"line":16,"column":35
[...]
,"/Users/nicolaspoda/Desktop/RNCP/EventNow/backend/src/payment/payment.service.ts": {"path":"/Users/nicolaspoda/Desktop/RNCP/EventNow/backend/src/payment/payment.service.ts","statementMap":{"0":{"start":{"line":1,"column":0},"end":{"line":1,"column":65}},"1":{"start":{"line":2,"column":0},"end":{"line":2,"column":57}},"2":{"start":{"line":3,"column":0},"end":{"line":3,"column":47}},"3":{"start":{"line":6,"column":7},"end":{"line":60,"column":null}},"4":{"start":{"line":10,"column":4},"end":{"line":10,"column":25}},"5":{"start":{"line":14,"column":20},"end":{"line":19,"column":6}},"6":{"start":{"line":21,"column":4},"end":{"line":23,"column":5}},"7":{"start":{"line":22,"column":6},"end":{"line":22,"column":63}},"8":{"start":{"line":25,"column":4},"end":{"line":27,"column":5}},"9":{"start":{"line":26,"column":6},"end":{"line":26,"column":64}},"10":{"start":{"line":29,"column":4},"end":{"line":31,"column":5}},"11":{"start":{"line":30,"column":6},"end":{"line":30,"column":59}},"12":{"start":{"line":33,"column":19},"end":{"line":33,"column":74}},"13":{"start":{"line":35,"column":22},"end":{"line":35,"column":84}},"14":{"start":{"line":37,"column":4},"end":{"line":43,"column":6}},"15":{"start":{"line":47,"column":22},"end":{"line":47,"column":41}},"16":{"start":{"line":48,"column":4},"end":{"line":50,"column":6}},"17":{"start":{"line":49,"column":6},"end":{"line":49,"column":54}},"18":{"start":{"line":51,"column":4},"end":{"line":51,"column":21}},"19":{"start":{"line":55,"column":4},"end":{"line":58,"column":6}},"20":{"start":{"line":6,"column":13},"end":{"line":6,"column":27}},"21":{"start":{"line":6,"column":13},"end":{"line":60,"column":null}}},"fnMap":{"0":{"name":"(anonymous_2)","decl":{"start":{"line":9,"column":2},"end":{"line":9,"column":14}},"loc":{"start":{"line":9,"column":35},"end":{"line":11,"column":3}}},"1":{"name":"(anonymous_3)","decl":{"start":{"line":13,"column":2},"end":{"line":13,"column":7}},"loc":{"start":{"line":13,"column":61},"end":{"line":44,"column":3}}},"2":{"name":"(anonymous_4)","decl":{"start":{"line":46,"column":2},"end":{"line":46,"column":7}},"loc":{"start":{"line":46,"column":42},"end":{"line":52,"column":3}}},"3":{"name":"(anonymous_5)","decl":{"start":{"line":48,"column":22},"end":{"line":48,"column":23}},"loc":{"start":{"line":49,"column":6},"end":{"line":49,"column":54}}},"4":{"name":"(anonymous_6)","decl":{"start":{"line":54,"column":2},"end":{"line":54,"column":7}},"loc":{"start":{"line":54,"column":45},"end":{"line":59,"column":3}}}},"branchMap":{"0":{"loc":{"start":{"line":21,"column":4},"end":{"line":23,"column":5}},"type":"if","locations":[{"start":{"line":21,"column":4},"end":{"line":23,"column":5}},{"start":{},"end":{}}]},"1":{"loc":{"start":{"line":21,"column":8},"end":{"line":21,"column":45}},"type":"binary-expr","locations":[{"start":{"line":21,"column":8},"end":{"line":21,"column":16}},{"start":{"line":21,"column":20},"end":{"line":21,"column":45}}]},"2":{"loc":{"start":{"line":25,"column":4},"end":{"line":27,"column":5}},"type":"if","locations":[{"start":{"line":25,"column":4},"end":{"line":27,"column":5}},{"start":{},"end":{}}]},"3":{"loc":{"start":{"line":29,"column":4},"end":{"line":31,"column":5}},"type":"if","locations":[{"start":{"line":29,"column":4},"end":{"line":31,"column":5}},{"start":{},"end":{}}]},"4":{"loc":{"start":{"line":9,"column":22},"end":{"line":9,"column":null}},"type":"cond-expr","locations":[{"start":{"line":9,"column":35},"end":{"line":9,"column":null}},{"start":{"line":9,"column":35},"end":{"line":9,"column":null}}]},"5":{"loc":{"start":{"line":9,"column":22},"end":{"line":9,"column":35}},"type":"binary-expr","locations":[{"start":{"line":9,"column":22},"end":{"line":9,"column":null}},{"start":{"line":9,"column":22},"end":{"line":9,"column":35}}]}},"s":{"0":3,"1":3,"2":3,"3":3,"4":9,"5":6,"6":6,"7":3,"8":3,"9":1,"10":2,"11":1,"12":1,"13":1,"14":1,"15":2,"16":2,"17":2,"18":2,"19":2,"20":3,"21":3},"f":{"0":9,"1":6,"2":2,"3":2,"4":2},"b":{"0":[3,3],"1":[6,4],"2":[1,2],"3":[1,1],"4":[3,0],"5":[3,3]}}
,"/Users/nicolaspoda/Desktop/RNCP/EventNow/backend/src/payment/dto/payment-intent.dto.ts": {"path":"/Users/nicolaspoda/Desktop/RNCP/EventNow/backend/src/payment/dto/payment-intent.dto.ts","statementMap":{"0":{"start":{"line":1,"column":0},"end":{"line":1,"column":41}},"1":{"start":{"line":3,"column":0},"end":{"line":3,"column":13}},"2":{"start":{"line":5,"column":2},"end":{"line":5,"column":null}},"3":{"start":{"line":8,"column":0},"end":{"line":8,"column":13}}},"fnMap":{},"branchMap":{},"s":{"0":1,"1":1,"2":1,"3":1},"f":{},"b":{}}
,"/Users/nicolaspoda/Desktop/RNCP/EventNow/backend/src/prisma/prisma.service.ts": {"path":"/Users/nicolaspoda/Desktop/RNCP/EventNow/backend/src/prisma/prisma.service.ts","statementMap":{"0":{"start":{"line":1,"column":0},"end":{"line":1,"column":75}},"1":{"start":{"line":2,"column":0},"end":{"line":2,"column":46}},"2":{"start":{"line":5,"column":7},"end":{"line":16,"column":null}},"3":{"start":{"line":10,"column":4},"end":{"line":10,"column":26}},"4":{"start":{"line":14,"column":4},"end":{"line":14,"column":29}},"5":{"start":{"line":5,"column":13},"end":{"line":5,"column":26}},"6":{"start":{"line":5,"column":13},"end":{"line":16,"column":null}}},"fnMap":{"0":{"name":"(anonymous_1)","decl":{"start":{"line":9,"column":2},"end":{"line":9,"column":7}},"loc":{"start":{"line":9,"column":20},"end":{"line":11,"column":3}}},"1":{"name":"(anonymous_2)","decl":{"start":{"line":13,"column":2},"end":{"line":13,"column":7}},"loc":{"start":{"line":13,"column":23},"end":{"line":15,"column":3}}}},"branchMap":{},"s":{"0":14,"1":14,"2":14,"3":1,"4":1,"5":14,"6":14},"f":{"0":1,"1":1},"b":{}}
,"/Users/nicolaspoda/Desktop/RNCP/EventNow/backend/src/redis/redis.service.ts": {"path":"/Users/nicolaspoda/Desktop/RNCP/EventNow/backend/src/redis/redis.service.ts","statementMap":{"0":{"start":{"line":1,"column":0},"end":{"line":1,"column":61}},"1":{"start":{"line":2,"column":0},"end":{"line":2,"column":28}},"2":{"start":{"line":9,"column":4},"end":{"line":12,"column":7}},"3":{"start":{"line":16,"column":4},"end":{"line":16,"column":73}},"4":{"start":{"line":20,"column":19},"end":{"line":20,"column":62}},"5":{"start":{"line":21,"column":4},"end":{"line":21,"column":27}},"6":{"start":{"line":24,"column":46},"end":{"line":24,"column":59}},"7":{"start":{"line":25,"column":51},"end":{"line":25,"column":53}},"8":{"start":{"line":28,"column":16},"end":{"line":28,"column":58}},"9":{"start":{"line":29,"column":4},"end":{"line":33,"column":6}},"10":{"start":{"line":37,"column":16},"end":{"line":37,"column":58}},"11":{"start":{"line":38,"column":18},"end":{"line":38,"column":44}},"12":{"start":{"line":39,"column":4},"end":{"line":39,"column":36}},"13":{"start":{"line":39,"column":24},"end":{"line":39,"column":36}},"14":{"start":{"line":40,"column":4},"end":{"line":40,"column":31}},"15":{"start":{"line":41,"column":4},"end":{"line":41,"column":39}},"16":{"start":{"line":45,"column":19},"end":{"line":45,"column":77}},"17":{"start":{"line":46,"column":4},"end":{"line":46,"column":27}},"18":{"start":{"line":50,"column":4},"end":{"line":50,"column":41}},"19":{"start":{"line":58,"column":25},"end":{"line":58,"column":57}},"20":{"start":{"line":60,"column":4},"end":{"line":64,"column":5}},"21":{"start":{"line":61,"column":6},"end":{"line":63,"column":8}},"22":{"start":{"line":66,"column":4},"end":{"line":70,"column":5}},"23":{"start":{"line":67,"column":6},"end":{"line":67,"column":30}},"24":{"start":{"line":69,"column":6},"end":{"line":69,"column":34}},"25":{"start":{"line":74,"column":4},"end":{"line":74,"column":29}},"26":{"start":{"line":5,"column":13},"end":{"line":5,"column":25}},"27":{"start":{"line":5,"column":13},"end":{"line":76,"column":null}}},"fnMap":{"0":{"name":"(anonymous_3)","decl":{"start":{"line":8,"column":2},"end":{"line":8,"column":null}},"loc":{"start":{"line":8,"column":2},"end":{"line":13,"column":3}}},"1":{"name":"(anonymous_4)","decl":{"start":{"line":15,"column":2},"end":{"line":15,"column":7}},"loc":{"start":{"line":15,"column":62},"end":{"line":17,"column":3}}},"2":{"name":"(anonymous_5)","decl":{"start":{"line":19,"column":2},"end":{"line":19,"column":7}},"loc":{"start":{"line":19,"column":40},"end":{"line":22,"column":3}}},"3":{"name":"(anonymous_6)","decl":{"start":{"line":27,"column":2},"end":{"line":27,"column":7}},"loc":{"start":{"line":27,"column":47},"end":{"line":34,"column":3}}},"4":{"name":"(anonymous_7)","decl":{"start":{"line":36,"column":2},"end":{"line":36,"column":7}},"loc":{"start":{"line":36,"column":42},"end":{"line":42,"column":3}}},"5":{"name":"(anonymous_8)","decl":{"start":{"line":44,"column":2},"end":{"line":44,"column":7}},"loc":{"start":{"line":44,"column":49},"end":{"line":47,"column":3}}},"6":{"name":"(anonymous_9)","decl":{"start":{"line":49,"column":2},"end":{"line":49,"column":7}},"loc":{"start":{"line":49,"column":31},"end":{"line":51,"column":3}}},"7":{"name":"(anonymous_10)","decl":{"start":{"line":53,"column":2},"end":{"line":53,"column":7}},"loc":{"start":{"line":56,"column":20},"end":{"line":71,"column":3}}},"8":{"name":"(anonymous_11)","decl":{"start":{"line":73,"column":2},"end":{"line":73,"column":7}},"loc":{"start":{"line":73,"column":23},"end":{"line":75,"column":3}}}},"branchMap":{"0":{"loc":{"start":{"line":10,"column":12},"end":{"line":10,"column":49}},"type":"binary-expr","locations":[{"start":{"line":10,"column":12},"end":{"line":10,"column":34}},{"start":{"line":10,"column":38},"end":{"line":10,"column":49}}]},"1":{"loc":{"start":{"line":11,"column":21},"end":{"line":11,"column":53}},"type":"binary-expr","locations":[{"start":{"line":11,"column":21},"end":{"line":11,"column":43}},{"start":{"line":11,"column":47},"end":{"line":11,"column":53}}]},"2":{"loc":{"start":{"line":39,"column":4},"end":{"line":39,"column":36}},"type":"if","locations":[{"start":{"line":39,"column":4},"end":{"line":39,"column":36}},{"start":{},"end":{}}]},"3":{"loc":{"start":{"line":44,"column":33},"end":{"line":44,"column":49}},"type":"default-arg","locations":[{"start":{"line":44,"column":47},"end":{"line":44,"column":49}}]},"4":{"loc":{"start":{"line":56,"column":4},"end":{"line":56,"column":20}},"type":"default-arg","locations":[{"start":{"line":56,"column":18},"end":{"line":56,"column":20}}]},"5":{"loc":{"start":{"line":60,"column":4},"end":{"line":64,"column":5}},"type":"if","locations":[{"start":{"line":60,"column":4},"end":{"line":64,"column":5}},{"start":{},"end":{}}]}},"s":{"0":6,"1":6,"2":15,"3":1,"4":2,"5":2,"6":6,"7":6,"8":1,"9":1,"10":2,"11":2,"12":2,"13":1,"14":1,"15":1,"16":7,"17":7,"18":4,"19":4,"20":4,"21":1,"22":3,"23":3,"24":3,"25":1,"26":6,"27":6},"f":{"0":15,"1":1,"2":2,"3":1,"4":2,"5":7,"6":4,"7":4,"8":1},"b":{"0":[15,15],"1":[15,15],"2":[1,1],"3":[1],"4":[1],"5":[1,3]}}
,"/Users/nicolaspoda/Desktop/RNCP/EventNow/backend/src/tickets/qr-generator.service.ts": {"path":"/Users/nicolaspoda/Desktop/RNCP/EventNow/backend/src/tickets/qr-generator.service.ts","statementMap":{"0":{"start":{"line":1,"column":0},"end":{"line":1,"column":44}},"1":{"start":{"line":2,"column":0},"end":{"line":2,"column":33}},"2":{"start":{"line":5,"column":7},"end":{"line":21,"column":null}},"3":{"start":{"line":7,"column":4},"end":{"line":19,"column":5}},"4":{"start":{"line":8,"column":22},"end":{"line":13,"column":8}},"5":{"start":{"line":15,"column":27},"end":{"line":15,"column":70}},"6":{"start":{"line":16,"column":6},"end":{"line":16,"column":26}},"7":{"start":{"line":18,"column":6},"end":{"line":18,"column":51}},"8":{"start":{"line":5,"column":13},"end":{"line":5,"column":31}},"9":{"start":{"line":5,"column":13},"end":{"line":21,"column":null}}},"fnMap":{"0":{"name":"(anonymous_10)","decl":{"start":{"line":6,"column":2},"end":{"line":6,"column":7}},"loc":{"start":{"line":6,"column":42},"end":{"line":20,"column":3}}}},"branchMap":{},"s":{"0":1,"1":1,"2":1,"3":3,"4":3,"5":3,"6":2,"7":1,"8":1,"9":1},"f":{"0":3},"b":{}}
,"/Users/nicolaspoda/Desktop/RNCP/EventNow/backend/src/tickets/tickets.controller.ts": {"path":"/Users/nicolaspoda/Desktop/RNCP/EventNow/backend/src/tickets/tickets.controller.ts","statementMap":{"0":{"start":{"line":1,"column":0},"end":{"line":1,"column":null}},"1":{"start":{"line":11,"column":0},"end":{"line":11,"column":51}},"2":{"start":{"line":12,"column":0},"end":{"line":12,"column":42}},"3":{"start":{"line":13,"column":0},"end":{"line":13,"column":61}},"4":{"start":{"line":14,"column":0},"end":{"line":14,"column":56}},"5":{"start":{"line":15,"column":0},"end":{"line":15,"column":59}},"6":{"start":{"line":16,"column":0},"end":{"line":16,"column":72}},"7":{"start":{"line":20,"column":7},"end":{"line":47,"column":null}},"8":{"start":{"line":24,"column":4},"end":{"line":24,"column":41}},"9":{"start":{"line":31,"column":4},"end":{"line":31,"column":67}},"10":{"start":{"line":38,"column":4},"end":{"line":38,"column":55}},"11":{"start":{"line":45,"column":4},"end":{"line":45,"column":57}},"12":{"start":{"line":20,"column":13},"end":{"line":20,"column":30}},"13":{"start":{"line":30,"column":2},"end":{"line":32,"column":null}},"14":{"start":{"line":37,"column":2},"end":{"line":39,"column":null}},"15":{"start":{"line":44,"column":2},"end":{"line":46,"column":null}},"16":{"start":{"line":20,"column":13},"end":{"line":47,"column":null}}},"fnMap":{"0":{"name":"(anonymous_4)","decl":{"start":{"line":23,"column":2},"end":{"line":23,"column":14}},"loc":{"start":{"line":23,"column":44},"end":{"line":25,"column":3}}},"1":{"name":"(anonymous_5)","decl":{"start":{"line":30,"column":2},"end":{"line":30,"column":16}},"loc":{"start":{"line":30,"column":73},"end":{"line":32,"column":3}}},"2":{"name":"(anonymous_6)","decl":{"start":{"line":37,"column":2},"end":{"line":37,"column":14}},"loc":{"start":{"line":37,"column":39},"end":{"line":39,"column":3}}},"3":{"name":"(anonymous_7)","decl":{"start":{"line":44,"column":2},"end":{"line":44,"column":19}},"loc":{"start":{"line":44,"column":51},"end":{"line":46,"column":3}}}},"branchMap":{"0":{"loc":{"start":{"line":30,"column":30},"end":{"line":30,"column":50}},"type":"cond-expr","locations":[{"start":{"line":30,"column":47},"end":{"line":30,"column":50}},{"start":{"line":30,"column":47},"end":{"line":30,"column":50}}]},"1":{"loc":{"start":{"line":30,"column":30},"end":{"line":30,"column":47}},"type":"binary-expr","locations":[{"start":{"line":30,"column":30},"end":{"line":30,"column":50}},{"start":{"line":30,"column":30},"end":{"line":30,"column":47}}]},"2":{"loc":{"start":{"line":23,"column":30},"end":{"line":23,"column":null}},"type":"cond-expr","locations":[{"start":{"line":23,"column":44},"end":{"line":23,"column":null}},{"start":{"line":23,"column":44},"end":{"line":23,"column":null}}]},"3":{"loc":{"start":{"line":23,"column":30},"end":{"line":23,"column":44}},"type":"binary-expr","locations":[{"start":{"line":23,"column":30},"end":{"line":23,"column":null}},{"start":{"line":23,"column":30},"end":{"line":23,"column":44}}]}},"s":{"0":1,"1":1,"2":1,"3":1,"4":1,"5":1,"6":1,"7":1,"8":3,"9":1,"10":1,"11":1,"12":1,"13":1,"14":1,"15":1,"16":1},"f":{"0":3,"1":1,"2":1,"3":1},"b":{"0":[1,0],"1":[1,1],"2":[1,0],"3":[1,1]}}
,"/Users/nicolaspoda/Desktop/RNCP/EventNow/backend/src/tickets/tickets.service.ts": {"path":"/Users/nicolaspoda/Desktop/RNCP/EventNow/backend/src/tickets/tickets.service.ts","statementMap":{"0":{"start":{"line":1,"column":0},"end":{"line":1,"column":null}},"1":{"start":{"line":6,"column":0},"end":{"line":6,"column":57}},"2":{"start":{"line":9,"column":7},"end":{"line":103,"column":null}},"3":{"start":{"line":13,"column":4},"end":{"line":13,"column":25}},"4":{"start":{"line":17,"column":18},"end":{"line":19,"column":6}},"5":{"start":{"line":21,"column":4},"end":{"line":23,"column":5}},"6":{"start":{"line":22,"column":6},"end":{"line":22,"column":66}},"7":{"start":{"line":25,"column":19},"end":{"line":33,"column":6}},"8":{"start":{"line":35,"column":4},"end":{"line":40,"column":5}},"9":{"start":{"line":36,"column":6},"end":{"line":39,"column":8}},"10":{"start":{"line":42,"column":4},"end":{"line":48,"column":5}},"11":{"start":{"line":43,"column":6},"end":{"line":47,"column":8}},"12":{"start":{"line":50,"column":4},"end":{"line":55,"column":5}},"13":{"start":{"line":51,"column":6},"end":{"line":54,"column":8}},"14":{"start":{"line":57,"column":28},"end":{"line":60,"column":6}},"15":{"start":{"line":62,"column":4},"end":{"line":66,"column":6}},"16":{"start":{"line":70,"column":4},"end":{"line":81,"column":7}},"17":{"start":{"line":85,"column":19},"end":{"line":95,"column":6}},"18":{"start":{"line":97,"column":4},"end":{"line":99,"column":5}},"19":{"start":{"line":98,"column":6},"end":{"line":98,"column":56}},"20":{"start":{"line":101,"column":4},"end":{"line":101,"column":18}},"21":{"start":{"line":9,"column":13},"end":{"line":9,"column":27}},"22":{"start":{"line":9,"column":13},"end":{"line":103,"column":null}}},"fnMap":{"0":{"name":"(anonymous_2)","decl":{"start":{"line":12,"column":2},"end":{"line":12,"column":14}},"loc":{"start":{"line":12,"column":35},"end":{"line":14,"column":3}}},"1":{"name":"(anonymous_3)","decl":{"start":{"line":16,"column":2},"end":{"line":16,"column":7}},"loc":{"start":{"line":16,"column":58},"end":{"line":67,"column":3}}},"2":{"name":"(anonymous_4)","decl":{"start":{"line":69,"column":2},"end":{"line":69,"column":7}},"loc":{"start":{"line":69,"column":37},"end":{"line":82,"column":3}}},"3":{"name":"(anonymous_5)","decl":{"start":{"line":84,"column":2},"end":{"line":84,"column":7}},"loc":{"start":{"line":84,"column":40},"end":{"line":102,"column":3}}}},"branchMap":{"0":{"loc":{"start":{"line":21,"column":4},"end":{"line":23,"column":5}},"type":"if","locations":[{"start":{"line":21,"column":4},"end":{"line":23,"column":5}},{"start":{},"end":{}}]},"1":{"loc":{"start":{"line":21,"column":8},"end":{"line":21,"column":40}},"type":"binary-expr","locations":[{"start":{"line":21,"column":8},"end":{"line":21,"column":14}},{"start":{"line":21,"column":18},"end":{"line":21,"column":40}}]},"2":{"loc":{"start":{"line":35,"column":4},"end":{"line":40,"column":5}},"type":"if","locations":[{"start":{"line":35,"column":4},"end":{"line":40,"column":5}},{"start":{},"end":{}}]},"3":{"loc":{"start":{"line":42,"column":4},"end":{"line":48,"column":5}},"type":"if","locations":[{"start":{"line":42,"column":4},"end":{"line":48,"column":5}},{"start":{},"end":{}}]},"4":{"loc":{"start":{"line":50,"column":4},"end":{"line":55,"column":5}},"type":"if","locations":[{"start":{"line":50,"column":4},"end":{"line":55,"column":5}},{"start":{},"end":{}}]},"5":{"loc":{"start":{"line":97,"column":4},"end":{"line":99,"column":5}},"type":"if","locations":[{"start":{"line":97,"column":4},"end":{"line":99,"column":5}},{"start":{},"end":{}}]},"6":{"loc":{"start":{"line":12,"column":22},"end":{"line":12,"column":null}},"type":"cond-expr","locations":[{"start":{"line":12,"column":35},"end":{"line":12,"column":null}},{"start":{"line":12,"column":35},"end":{"line":12,"column":null}}]},"7":{"loc":{"start":{"line":12,"column":22},"end":{"line":12,"column":35}},"type":"binary-expr","locations":[{"start":{"line":12,"column":22},"end":{"line":12,"column":null}},{"start":{"line":12,"column":22},"end":{"line":12,"column":35}}]}},"s":{"0":2,"1":2,"2":2,"3":9,"4":6,"5":6,"6":2,"7":4,"8":4,"9":1,"10":3,"11":1,"12":2,"13":1,"14":1,"15":1,"16":1,"17":2,"18":2,"19":1,"20":1,"21":2,"22":2},"f":{"0":9,"1":6,"2":1,"3":2},"b":{"0":[2,4],"1":[6,5],"2":[1,3],"3":[1,2],"4":[1,1],"5":[1,1],"6":[2,0],"7":[2,2]}}
,"/Users/nicolaspoda/Desktop/RNCP/EventNow/backend/src/tickets/dto/validate-ticket.dto.ts": {"path":"/Users/nicolaspoda/Desktop/RNCP/EventNow/backend/src/tickets/dto/validate-ticket.dto.ts","statementMap":{"0":{"start":{"line":1,"column":0},"end":{"line":1,"column":55}},"1":{"start":{"line":3,"column":0},"end":{"line":3,"column":13}},"2":{"start":{"line":6,"column":2},"end":{"line":6,"column":null}}},"fnMap":{},"branchMap":{},"s":{"0":1,"1":1,"2":1},"f":{},"b":{}}
}
