TN:
SF:src/app.controller.ts
FN:8,(anonymous_2)
FN:13,(anonymous_3)
FNF:2
FNH:2
FNDA:3,(anonymous_2)
FNDA:2,(anonymous_3)
DA:1,1
DA:2,1
DA:5,1
DA:9,3
DA:13,1
DA:14,2
LF:6
LH:6
BRDA:8,0,0,1
BRDA:8,0,1,0
BRDA:8,1,0,1
BRDA:8,1,1,1
BRF:4
BRH:3
end_of_record
TN:
SF:src/app.service.ts
FN:5,(anonymous_1)
FNF:1
FNH:1
FNDA:1,(anonymous_1)
DA:1,1
DA:4,1
DA:6,1
LF:3
LH:3
BRF:0
BRH:0
end_of_record
TN:
SF:src/auth/auth.controller.ts
FN:28,(anonymous_4)
FN:36,(anonymous_5)
FN:43,(anonymous_6)
FN:49,(anonymous_7)
FN:55,(anonymous_8)
FN:62,(anonymous_9)
FN:68,(anonymous_10)
FN:72,(anonymous_11)
FN:95,(anonymous_12)
FNF:9
FNH:8
FNDA:11,(anonymous_4)
FNDA:3,(anonymous_5)
FNDA:1,(anonymous_6)
FNDA:1,(anonymous_7)
FNDA:1,(anonymous_8)
FNDA:1,(anonymous_9)
FNDA:0,(anonymous_10)
FNDA:2,(anonymous_11)
FNDA:4,(anonymous_12)
DA:1,1
DA:13,1
DA:14,1
DA:16,1
DA:17,1
DA:18,1
DA:19,1
DA:20,1
DA:21,1
DA:24,1
DA:29,11
DA:30,11
DA:36,1
DA:37,3
DA:43,1
DA:44,1
DA:49,1
DA:50,1
DA:55,1
DA:56,1
DA:57,1
DA:62,1
DA:63,1
DA:68,1
DA:72,1
DA:73,2
DA:74,2
DA:80,2
DA:81,2
DA:82,2
DA:88,2
DA:89,2
DA:95,1
DA:96,4
DA:97,4
DA:98,3
DA:100,1
LF:37
LH:37
BRDA:88,0,0,2
BRDA:88,0,1,1
BRDA:97,1,0,3
BRDA:97,1,1,1
BRDA:97,2,0,4
BRDA:97,2,1,3
BRDA:97,2,2,2
BRDA:36,3,0,1
BRDA:36,3,1,0
BRDA:36,4,0,1
BRDA:36,4,1,1
BRDA:43,5,0,1
BRDA:43,5,1,0
BRDA:43,6,0,1
BRDA:43,6,1,1
BRDA:95,7,0,1
BRDA:95,7,1,0
BRDA:95,8,0,1
BRDA:95,8,1,1
BRDA:28,9,0,1
BRDA:28,9,1,0
BRDA:28,10,0,1
BRDA:28,10,1,1
BRDA:28,11,0,1
BRDA:28,11,1,0
BRDA:28,12,0,1
BRDA:28,12,1,1
BRF:27
BRH:22
end_of_record
TN:
SF:src/auth/auth.service.ts
FN:19,(anonymous_11)
FN:29,(anonymous_12)
FN:60,(anonymous_13)
FN:87,(anonymous_14)
FN:108,(anonymous_15)
FN:132,(anonymous_16)
FN:148,(anonymous_17)
FNF:7
FNH:7
FNDA:17,(anonymous_11)
FNDA:2,(anonymous_12)
FNDA:3,(anonymous_13)
FNDA:3,(anonymous_14)
FNDA:4,(anonymous_15)
FNDA:4,(anonymous_16)
FNDA:4,(anonymous_17)
DA:1,3
DA:6,3
DA:7,3
DA:8,3
DA:9,3
DA:14,3
DA:24,17
DA:25,17
DA:26,17
DA:30,2
DA:34,2
DA:35,1
DA:38,1
DA:40,1
DA:48,1
DA:50,1
DA:61,3
DA:65,3
DA:66,1
DA:69,2
DA:71,2
DA:72,1
DA:75,1
DA:77,1
DA:88,3
DA:94,3
DA:98,3
DA:102,3
DA:109,4
DA:110,4
DA:111,4
DA:112,1
DA:116,3
DA:118,2
DA:122,2
DA:123,1
DA:126,1
DA:128,3
DA:133,4
DA:135,4
DA:136,3
DA:140,3
DA:141,2
DA:144,1
DA:154,4
DA:158,4
DA:159,1
DA:162,3
DA:166,3
DA:167,1
DA:175,1
DA:178,2
DA:188,2
LF:53
LH:53
BRDA:34,0,0,1
BRDA:34,0,1,1
BRDA:65,1,0,1
BRDA:65,1,1,2
BRDA:71,2,0,1
BRDA:71,2,1,1
BRDA:111,3,0,1
BRDA:111,3,1,3
BRDA:122,4,0,1
BRDA:122,4,1,1
BRDA:136,5,0,2
BRDA:136,5,1,1
BRDA:140,6,0,2
BRDA:140,6,1,1
BRDA:158,7,0,1
BRDA:158,7,1,3
BRDA:166,8,0,1
BRDA:166,8,1,2
BRDA:20,9,0,3
BRDA:20,9,1,0
BRDA:20,10,0,3
BRDA:20,10,1,3
BRDA:20,11,0,3
BRDA:20,11,1,0
BRDA:20,12,0,3
BRDA:20,12,1,3
BRDA:21,13,0,3
BRDA:21,13,1,0
BRDA:21,14,0,3
BRDA:21,14,1,3
BRF:30
BRH:27
end_of_record
TN:
SF:src/auth/decorators/current-user.decorator.ts
FN:4,(anonymous_0)
FNF:1
FNH:1
FNDA:1,(anonymous_0)
DA:1,6
DA:3,6
DA:5,1
DA:6,1
LF:4
LH:4
BRF:0
BRH:0
end_of_record
TN:
SF:src/auth/decorators/roles.decorator.ts
FN:4,(anonymous_0)
FNF:1
FNH:1
FNDA:15,(anonymous_0)
DA:1,4
DA:4,15
LF:2
LH:2
BRF:0
BRH:0
end_of_record
TN:
SF:src/auth/dto/exchange-code.dto.ts
FNF:0
FNH:0
DA:1,1
DA:3,1
DA:6,1
LF:3
LH:3
BRF:0
BRH:0
end_of_record
TN:
SF:src/auth/dto/login.dto.ts
FNF:0
FNH:0
DA:1,1
DA:3,1
DA:6,1
DA:10,1
LF:4
LH:4
BRF:0
BRH:0
end_of_record
TN:
SF:src/auth/dto/register.dto.ts
FNF:0
FNH:0
DA:1,2
DA:8,2
DA:10,2
DA:13,2
DA:18,2
DA:22,2
LF:6
LH:6
BRDA:22,0,0,0
BRDA:22,0,1,2
BRDA:22,1,0,2
BRDA:22,1,1,2
BRF:4
BRH:3
end_of_record
TN:
SF:src/auth/guards/google-auth.guard.ts
FN:11,(anonymous_1)
FNF:1
FNH:1
FNDA:7,(anonymous_1)
DA:1,2
DA:7,2
DA:10,2
DA:12,7
DA:13,7
DA:14,7
DA:15,3
DA:19,4
DA:20,4
DA:23,4
DA:24,4
LF:11
LH:11
BRDA:14,0,0,3
BRDA:14,0,1,4
BRDA:14,1,0,7
BRDA:14,1,1,5
BRDA:23,2,0,2
BRDA:23,2,1,2
BRF:6
BRH:6
end_of_record
TN:
SF:src/auth/guards/jwt-auth.guard.ts
FNF:0
FNH:0
DA:1,5
DA:2,5
DA:5,5
LF:3
LH:3
BRF:0
BRH:0
end_of_record
TN:
SF:src/auth/guards/roles.guard.ts
FN:9,(anonymous_2)
FN:13,(anonymous_3)
FN:24,(anonymous_4)
FNF:3
FNH:3
FNDA:24,(anonymous_2)
FNDA:7,(anonymous_3)
FNDA:6,(anonymous_4)
DA:1,5
DA:2,5
DA:6,5
DA:10,24
DA:14,7
DA:19,7
DA:20,2
DA:23,5
DA:24,6
LF:9
LH:9
BRDA:19,0,0,2
BRDA:19,0,1,5
BRDA:9,1,0,5
BRDA:9,1,1,0
BRDA:9,2,0,5
BRDA:9,2,1,5
BRF:6
BRH:5
end_of_record
TN:
SF:src/auth/strategies/google-options.ts
FN:1,getGoogleStrategyOptions
FNF:1
FNH:1
FNDA:10,getGoogleStrategyOptions
DA:1,2
DA:6,10
LF:2
LH:2
BRDA:7,0,0,10
BRDA:7,0,1,1
BRDA:8,1,0,10
BRDA:8,1,1,1
BRDA:10,2,0,10
BRDA:10,2,1,7
BRF:6
BRH:6
end_of_record
TN:
SF:src/auth/strategies/google.strategy.ts
FN:11,(anonymous_2)
FN:21,(anonymous_3)
FNF:2
FNH:2
FNDA:6,(anonymous_2)
FNDA:2,(anonymous_3)
DA:1,1
DA:2,1
DA:3,1
DA:4,1
DA:5,1
DA:8,1
DA:12,6
DA:13,6
DA:18,6
DA:27,2
DA:29,2
DA:36,2
LF:12
LH:12
BRDA:11,0,0,1
BRDA:11,0,1,0
BRDA:11,1,0,1
BRDA:11,1,1,1
BRF:4
BRH:3
end_of_record
TN:
SF:src/auth/strategies/jwt-options.ts
FN:1,getJwtSecret
FNF:1
FNH:1
FNDA:5,getJwtSecret
DA:1,2
DA:2,5
LF:2
LH:2
BRDA:2,0,0,5
BRDA:2,0,1,1
BRF:2
BRH:2
end_of_record
TN:
SF:src/auth/strategies/jwt.strategy.ts
FN:19,(anonymous_2)
FN:28,(anonymous_3)
FNF:2
FNH:2
FNDA:3,(anonymous_2)
FNDA:3,(anonymous_3)
DA:1,1
DA:2,1
DA:3,1
DA:4,1
DA:5,1
DA:16,1
DA:20,3
DA:25,3
DA:29,3
DA:33,3
DA:34,1
DA:37,2
LF:12
LH:12
BRDA:33,0,0,1
BRDA:33,0,1,2
BRDA:19,1,0,1
BRDA:19,1,1,0
BRDA:19,2,0,1
BRDA:19,2,1,1
BRF:6
BRH:5
end_of_record
TN:
SF:src/bookings/bookings.controller.ts
FN:26,(anonymous_4)
FN:34,(anonymous_5)
FN:41,(anonymous_6)
FN:48,(anonymous_7)
FN:55,(anonymous_8)
FNF:5
FNH:5
FNDA:4,(anonymous_4)
FNDA:1,(anonymous_5)
FNDA:1,(anonymous_6)
FNDA:1,(anonymous_7)
FNDA:1,(anonymous_8)
DA:1,1
DA:13,1
DA:14,1
DA:15,1
DA:16,1
DA:17,1
DA:18,1
DA:19,1
DA:23,1
DA:27,4
DA:34,1
DA:35,1
DA:41,1
DA:42,1
DA:48,1
DA:49,1
DA:55,1
DA:56,1
LF:18
LH:18
BRDA:34,0,0,1
BRDA:34,0,1,0
BRDA:34,1,0,1
BRDA:34,1,1,1
BRDA:26,2,0,1
BRDA:26,2,1,0
BRDA:26,3,0,1
BRDA:26,3,1,1
BRF:8
BRH:6
end_of_record
TN:
SF:src/bookings/bookings.service.ts
FN:16,(anonymous_2)
FN:21,(anonymous_3)
FN:24,(anonymous_4)
FN:25,(anonymous_5)
FN:78,(anonymous_6)
FN:101,(anonymous_7)
FN:102,(anonymous_8)
FN:129,(anonymous_9)
FN:141,(anonymous_10)
FN:150,(anonymous_11)
FNF:10
FNH:10
FNDA:15,(anonymous_2)
FNDA:4,(anonymous_3)
FNDA:4,(anonymous_4)
FNDA:4,(anonymous_5)
FNDA:4,(anonymous_6)
FNDA:4,(anonymous_7)
FNDA:4,(anonymous_8)
FNDA:1,(anonymous_9)
FNDA:2,(anonymous_10)
FNDA:1,(anonymous_11)
DA:1,2
DA:6,2
DA:7,2
DA:9,2
DA:12,2
DA:17,15
DA:18,15
DA:22,4
DA:24,4
DA:25,4
DA:26,4
DA:31,4
DA:32,1
DA:35,3
DA:36,1
DA:41,2
DA:51,2
DA:52,1
DA:55,1
DA:56,1
DA:58,1
DA:73,1
DA:79,4
DA:83,4
DA:84,1
DA:87,3
DA:88,1
DA:91,2
DA:92,1
DA:95,1
DA:102,4
DA:103,4
DA:107,4
DA:108,2
DA:111,2
DA:112,1
DA:117,1
DA:122,1
DA:130,1
DA:142,2
DA:149,2
DA:150,1
DA:151,1
DA:156,1
DA:163,2
LF:45
LH:45
BRDA:31,0,0,1
BRDA:31,0,1,3
BRDA:35,1,0,1
BRDA:35,1,1,2
BRDA:51,2,0,1
BRDA:51,2,1,1
BRDA:83,3,0,1
BRDA:83,3,1,3
BRDA:83,4,0,4
BRDA:83,4,1,3
BRDA:87,5,0,1
BRDA:87,5,1,2
BRDA:91,6,0,1
BRDA:91,6,1,1
BRDA:107,7,0,2
BRDA:107,7,1,2
BRDA:107,8,0,4
BRDA:107,8,1,3
BRDA:111,9,0,1
BRDA:111,9,1,1
BRDA:16,10,0,2
BRDA:16,10,1,0
BRDA:16,11,0,2
BRDA:16,11,1,2
BRDA:16,12,0,2
BRDA:16,12,1,0
BRDA:16,13,0,2
BRDA:16,13,1,2
BRF:28
BRH:26
end_of_record
TN:
SF:src/bookings/dto/create-booking.dto.ts
FNF:0
FNH:0
DA:1,1
DA:3,1
DA:5,1
DA:10,1
LF:4
LH:4
BRF:0
BRH:0
end_of_record
TN:
SF:src/events/events.controller.ts
FN:26,(anonymous_4)
FN:34,(anonymous_5)
FN:41,(anonymous_6)
FN:48,(anonymous_7)
FN:56,(anonymous_8)
FN:68,(anonymous_9)
FNF:6
FNH:6
FNDA:5,(anonymous_4)
FNDA:1,(anonymous_5)
FNDA:1,(anonymous_6)
FNDA:1,(anonymous_7)
FNDA:1,(anonymous_8)
FNDA:1,(anonymous_9)
DA:1,1
DA:14,1
DA:15,1
DA:16,1
DA:17,1
DA:18,1
DA:19,1
DA:20,1
DA:23,1
DA:27,5
DA:34,1
DA:35,1
DA:41,1
DA:42,1
DA:48,1
DA:49,1
DA:56,1
DA:61,1
DA:68,1
DA:69,1
LF:20
LH:20
BRDA:34,0,0,1
BRDA:34,0,1,0
BRDA:34,1,0,1
BRDA:34,1,1,1
BRDA:41,2,0,1
BRDA:41,2,1,0
BRDA:41,3,0,1
BRDA:41,3,1,1
BRDA:59,4,0,1
BRDA:59,4,1,0
BRDA:59,5,0,1
BRDA:59,5,1,1
BRDA:26,6,0,1
BRDA:26,6,1,0
BRDA:26,7,0,1
BRDA:26,7,1,1
BRF:16
BRH:12
end_of_record
TN:
SF:src/events/events.service.ts
FN:14,(anonymous_2)
FN:18,(anonymous_3)
FN:26,(anonymous_4)
FN:36,(anonymous_5)
FN:62,(anonymous_6)
FN:133,(anonymous_7)
FN:165,(anonymous_8)
FN:189,(anonymous_9)
FN:212,(anonymous_10)
FN:239,(anonymous_11)
FNF:10
FNH:10
FNDA:24,(anonymous_2)
FNDA:2,(anonymous_3)
FNDA:1,(anonymous_4)
FNDA:1,(anonymous_5)
FNDA:7,(anonymous_6)
FNDA:2,(anonymous_7)
FNDA:10,(anonymous_8)
FNDA:7,(anonymous_9)
FNDA:1,(anonymous_10)
FNDA:3,(anonymous_11)
DA:1,2
DA:7,2
DA:11,2
DA:15,24
DA:19,2
DA:20,2
DA:21,1
DA:26,1
DA:27,1
DA:36,1
DA:58,1
DA:68,7
DA:69,7
DA:73,7
DA:74,1
DA:75,1
DA:83,7
DA:84,1
DA:92,7
DA:93,2
DA:94,2
DA:95,1
DA:99,7
DA:100,2
DA:101,2
DA:102,1
DA:106,7
DA:134,2
DA:158,2
DA:159,1
DA:162,1
DA:166,10
DA:170,10
DA:171,1
DA:174,9
DA:175,1
DA:180,8
DA:181,1
DA:182,1
DA:183,1
DA:189,7
DA:190,7
DA:191,1
DA:196,7
DA:212,1
DA:235,7
DA:240,3
DA:244,3
DA:245,1
DA:248,2
DA:249,1
DA:254,1
DA:258,1
LF:53
LH:53
BRDA:20,0,0,1
BRDA:20,0,1,1
BRDA:73,1,0,1
BRDA:73,1,1,6
BRDA:83,2,0,1
BRDA:83,2,1,6
BRDA:92,3,0,2
BRDA:92,3,1,5
BRDA:94,4,0,1
BRDA:94,4,1,1
BRDA:99,5,0,2
BRDA:99,5,1,5
BRDA:101,6,0,1
BRDA:101,6,1,1
BRDA:158,7,0,1
BRDA:158,7,1,1
BRDA:170,8,0,1
BRDA:170,8,1,9
BRDA:174,9,0,1
BRDA:174,9,1,8
BRDA:180,10,0,1
BRDA:180,10,1,7
BRDA:182,11,0,1
BRDA:182,11,1,0
BRDA:190,12,0,1
BRDA:190,12,1,6
BRDA:199,13,0,7
BRDA:199,13,1,3
BRDA:200,14,0,7
BRDA:200,14,1,1
BRDA:203,15,0,7
BRDA:203,15,1,2
BRDA:204,16,0,7
BRDA:204,16,1,1
BRDA:207,17,0,7
BRDA:207,17,1,0
BRDA:210,18,0,7
BRDA:210,18,1,1
BRDA:244,19,0,1
BRDA:244,19,1,2
BRDA:248,20,0,1
BRDA:248,20,1,1
BRDA:14,21,0,2
BRDA:14,21,1,0
BRDA:14,22,0,2
BRDA:14,22,1,2
BRF:46
BRH:43
end_of_record
TN:
SF:src/events/dto/create-event.dto.ts
FN:35,(anonymous_2)
FNF:1
FNH:1
FNDA:1,(anonymous_2)
DA:1,2
DA:10,2
DA:11,2
DA:13,2
DA:16,2
DA:20,2
DA:24,2
DA:28,2
DA:31,2
DA:35,1
DA:37,2
LF:11
LH:11
BRF:0
BRH:0
end_of_record
TN:
SF:src/events/dto/create-ticket-category.dto.ts
FN:20,(anonymous_2)
FN:25,(anonymous_3)
FNF:2
FNH:2
FNDA:3,(anonymous_2)
FNDA:3,(anonymous_3)
DA:1,4
DA:8,4
DA:10,4
DA:13,4
DA:17,4
DA:20,3
DA:22,4
DA:25,3
DA:27,4
LF:9
LH:9
BRF:0
BRH:0
end_of_record
TN:
SF:src/events/dto/get-events-query.dto.ts
FNF:0
FNH:0
DA:1,1
DA:3,1
DA:6,1
DA:10,1
DA:14,1
DA:18,1
LF:6
LH:6
BRF:0
BRH:0
end_of_record
TN:
SF:src/events/dto/update-event.dto.ts
FN:34,(anonymous_2)
FNF:1
FNH:1
FNDA:1,(anonymous_2)
DA:1,2
DA:8,2
DA:9,2
DA:11,2
DA:14,2
DA:18,2
DA:22,2
DA:26,2
DA:30,2
DA:34,1
DA:36,2
LF:11
LH:11
BRF:0
BRH:0
end_of_record
TN:
SF:src/orders/orders.controller.ts
FN:25,(anonymous_4)
FN:33,(anonymous_5)
FN:41,(anonymous_6)
FN:52,(anonymous_7)
FN:59,(anonymous_8)
FN:67,(anonymous_9)
FNF:6
FNH:6
FNDA:5,(anonymous_4)
FNDA:1,(anonymous_5)
FNDA:1,(anonymous_6)
FNDA:1,(anonymous_7)
FNDA:1,(anonymous_8)
FNDA:1,(anonymous_9)
DA:1,1
DA:12,1
DA:13,1
DA:14,1
DA:15,1
DA:16,1
DA:17,1
DA:18,1
DA:22,1
DA:26,5
DA:33,1
DA:34,1
DA:41,1
DA:42,1
DA:52,1
DA:53,1
DA:59,1
DA:60,1
DA:67,1
DA:68,1
LF:20
LH:20
BRDA:33,0,0,1
BRDA:33,0,1,0
BRDA:33,1,0,1
BRDA:33,1,1,1
BRDA:41,2,0,1
BRDA:41,2,1,0
BRDA:41,3,0,1
BRDA:41,3,1,1
BRDA:25,4,0,1
BRDA:25,4,1,0
BRDA:25,5,0,1
BRDA:25,5,1,1
BRF:12
BRH:9
end_of_record
TN:
SF:src/orders/orders.service.ts
FN:16,(anonymous_11)
FN:21,(anonymous_12)
FN:25,(anonymous_13)
FN:26,(anonymous_14)
FN:68,(anonymous_15)
FN:89,(anonymous_16)
FN:101,(anonymous_17)
FN:117,(anonymous_18)
FN:138,(anonymous_19)
FN:139,(anonymous_20)
FNF:10
FNH:10
FNDA:18,(anonymous_11)
FNDA:1,(anonymous_12)
FNDA:5,(anonymous_13)
FNDA:5,(anonymous_14)
FNDA:2,(anonymous_15)
FNDA:103,(anonymous_16)
FNDA:2,(anonymous_17)
FNDA:3,(anonymous_18)
FNDA:5,(anonymous_19)
FNDA:5,(anonymous_20)
DA:1,2
DA:6,2
DA:7,2
DA:8,2
DA:9,2
DA:12,2
DA:17,18
DA:18,18
DA:22,1
DA:26,5
DA:27,5
DA:36,5
DA:37,2
DA:40,3
DA:41,1
DA:44,2
DA:45,1
DA:49,1
DA:51,1
DA:56,1
DA:65,1
DA:69,2
DA:71,2
DA:81,1
DA:90,103
DA:91,103
DA:92,103
DA:98,103
DA:102,2
DA:118,3
DA:131,3
DA:132,2
DA:135,1
DA:139,5
DA:140,5
DA:153,5
DA:154,2
DA:157,3
DA:158,1
DA:161,2
DA:162,2
DA:166,2
DA:167,1
DA:172,1
DA:173,1
DA:175,1
DA:180,1
LF:47
LH:47
BRDA:36,0,0,2
BRDA:36,0,1,3
BRDA:36,1,0,5
BRDA:36,1,1,4
BRDA:40,2,0,1
BRDA:40,2,1,2
BRDA:44,3,0,1
BRDA:44,3,1,1
BRDA:131,4,0,2
BRDA:131,4,1,1
BRDA:131,5,0,3
BRDA:131,5,1,2
BRDA:153,6,0,2
BRDA:153,6,1,3
BRDA:153,7,0,5
BRDA:153,7,1,4
BRDA:157,8,0,1
BRDA:157,8,1,2
BRDA:166,9,0,1
BRDA:166,9,1,1
BRDA:16,10,0,2
BRDA:16,10,1,0
BRDA:16,11,0,2
BRDA:16,11,1,2
BRDA:16,12,0,2
BRDA:16,12,1,0
BRDA:16,13,0,2
BRDA:16,13,1,2
BRF:28
BRH:26
end_of_record
TN:
SF:src/orders/dto/create-order.dto.ts
FNF:0
FNH:0
DA:1,1
DA:3,1
DA:5,1
DA:8,1
DA:10,1
DA:13,1
LF:6
LH:6
BRF:0
BRH:0
end_of_record
TN:
SF:src/payment/payment.service.ts
FN:9,(anonymous_2)
FN:13,(anonymous_3)
FN:46,(anonymous_4)
FN:48,(anonymous_5)
FN:54,(anonymous_6)
FNF:5
FNH:5
FNDA:9,(anonymous_2)
FNDA:6,(anonymous_3)
FNDA:2,(anonymous_4)
FNDA:2,(anonymous_5)
FNDA:2,(anonymous_6)
DA:1,3
DA:2,3
DA:3,3
DA:6,3
DA:10,9
DA:14,6
DA:21,6
DA:22,3
DA:25,3
DA:26,1
DA:29,2
DA:30,1
DA:33,1
DA:35,1
DA:37,1
DA:47,2
DA:48,2
DA:49,2
DA:51,2
DA:55,2
LF:20
LH:20
BRDA:21,0,0,3
BRDA:21,0,1,3
BRDA:21,1,0,6
BRDA:21,1,1,4
BRDA:25,2,0,1
BRDA:25,2,1,2
BRDA:29,3,0,1
BRDA:29,3,1,1
BRDA:9,4,0,3
BRDA:9,4,1,0
BRDA:9,5,0,3
BRDA:9,5,1,3
BRF:12
BRH:11
end_of_record
TN:
SF:src/payment/dto/payment-intent.dto.ts
FNF:0
FNH:0
DA:1,1
DA:3,1
DA:5,1
DA:8,1
LF:4
LH:4
BRF:0
BRH:0
end_of_record
TN:
SF:src/prisma/prisma.service.ts
FN:9,(anonymous_1)
FN:13,(anonymous_2)
FNF:2
FNH:2
FNDA:1,(anonymous_1)
FNDA:1,(anonymous_2)
DA:1,14
DA:2,14
DA:5,14
DA:10,1
DA:14,1
LF:5
LH:5
BRF:0
BRH:0
end_of_record
TN:
SF:src/redis/redis.service.ts
FN:8,(anonymous_3)
FN:15,(anonymous_4)
FN:19,(anonymous_5)
FN:27,(anonymous_6)
FN:36,(anonymous_7)
FN:44,(anonymous_8)
FN:49,(anonymous_9)
FN:53,(anonymous_10)
FN:73,(anonymous_11)
FNF:9
FNH:9
FNDA:15,(anonymous_3)
FNDA:1,(anonymous_4)
FNDA:2,(anonymous_5)
FNDA:1,(anonymous_6)
FNDA:2,(anonymous_7)
FNDA:7,(anonymous_8)
FNDA:4,(anonymous_9)
FNDA:4,(anonymous_10)
FNDA:1,(anonymous_11)
DA:1,6
DA:2,6
DA:5,6
DA:9,15
DA:16,1
DA:20,2
DA:21,2
DA:24,6
DA:25,6
DA:28,1
DA:29,1
DA:37,2
DA:38,2
DA:39,2
DA:40,1
DA:41,1
DA:45,7
DA:46,7
DA:50,4
DA:58,4
DA:60,4
DA:61,1
DA:66,3
DA:67,3
DA:69,3
DA:74,1
LF:26
LH:26
BRDA:10,0,0,15
BRDA:10,0,1,15
BRDA:11,1,0,15
BRDA:11,1,1,15
BRDA:39,2,0,1
BRDA:39,2,1,1
BRDA:44,3,0,1
BRDA:56,4,0,1
BRDA:60,5,0,1
BRDA:60,5,1,3
BRF:10
BRH:10
end_of_record
TN:
SF:src/tickets/qr-generator.service.ts
FN:6,(anonymous_10)
FNF:1
FNH:1
FNDA:3,(anonymous_10)
DA:1,1
DA:2,1
DA:5,1
DA:7,3
DA:8,3
DA:15,3
DA:16,2
DA:18,1
LF:8
LH:8
BRF:0
BRH:0
end_of_record
TN:
SF:src/tickets/tickets.controller.ts
FN:23,(anonymous_4)
FN:30,(anonymous_5)
FN:37,(anonymous_6)
FN:44,(anonymous_7)
FNF:4
FNH:4
FNDA:3,(anonymous_4)
FNDA:1,(anonymous_5)
FNDA:1,(anonymous_6)
FNDA:1,(anonymous_7)
DA:1,1
DA:11,1
DA:12,1
DA:13,1
DA:14,1
DA:15,1
DA:16,1
DA:20,1
DA:24,3
DA:30,1
DA:31,1
DA:37,1
DA:38,1
DA:44,1
DA:45,1
LF:15
LH:15
BRDA:30,0,0,1
BRDA:30,0,1,0
BRDA:30,1,0,1
BRDA:30,1,1,1
BRDA:23,2,0,1
BRDA:23,2,1,0
BRDA:23,3,0,1
BRDA:23,3,1,1
BRF:8
BRH:6
end_of_record
TN:
SF:src/tickets/tickets.service.ts
FN:12,(anonymous_2)
FN:16,(anonymous_3)
FN:69,(anonymous_4)
FN:84,(anonymous_5)
FNF:4
FNH:4
FNDA:9,(anonymous_2)
FNDA:6,(anonymous_3)
FNDA:1,(anonymous_4)
FNDA:2,(anonymous_5)
DA:1,2
DA:6,2
DA:9,2
DA:13,9
DA:17,6
DA:21,6
DA:22,2
DA:25,4
DA:35,4
DA:36,1
DA:42,3
DA:43,1
DA:50,2
DA:51,1
DA:57,1
DA:62,1
DA:70,1
DA:85,2
DA:97,2
DA:98,1
DA:101,1
LF:21
LH:21
BRDA:21,0,0,2
BRDA:21,0,1,4
BRDA:21,1,0,6
BRDA:21,1,1,5
BRDA:35,2,0,1
BRDA:35,2,1,3
BRDA:42,3,0,1
BRDA:42,3,1,2
BRDA:50,4,0,1
BRDA:50,4,1,1
BRDA:97,5,0,1
BRDA:97,5,1,1
BRDA:12,6,0,2
BRDA:12,6,1,0
BRDA:12,7,0,2
BRDA:12,7,1,2
BRF:16
BRH:15
end_of_record
TN:
SF:src/tickets/dto/validate-ticket.dto.ts
FNF:0
FNH:0
DA:1,1
DA:3,1
DA:6,1
LF:3
LH:3
BRF:0
BRH:0
end_of_record
